{"C:\\Users\\Administrator\\Desktop\\axios-sugar\\src\\core\\AxiosSugar.ts":{"path":"C:\\Users\\Administrator\\Desktop\\axios-sugar\\src\\core\\AxiosSugar.ts","statementMap":{"0":{"start":{"line":2,"column":16},"end":{"line":14,"column":4}},"1":{"start":{"line":3,"column":24},"end":{"line":8,"column":5}},"2":{"start":{"line":4,"column":8},"end":{"line":6,"column":87}},"3":{"start":{"line":5,"column":69},"end":{"line":5,"column":85}},"4":{"start":{"line":6,"column":30},"end":{"line":6,"column":84}},"5":{"start":{"line":6,"column":47},"end":{"line":6,"column":84}},"6":{"start":{"line":6,"column":72},"end":{"line":6,"column":84}},"7":{"start":{"line":7,"column":8},"end":{"line":7,"column":35}},"8":{"start":{"line":9,"column":4},"end":{"line":13,"column":6}},"9":{"start":{"line":10,"column":8},"end":{"line":10,"column":28}},"10":{"start":{"line":11,"column":24},"end":{"line":11,"column":45}},"11":{"start":{"line":12,"column":8},"end":{"line":12,"column":93}},"12":{"start":{"line":15,"column":22},"end":{"line":17,"column":1}},"13":{"start":{"line":16,"column":4},"end":{"line":16,"column":62}},"14":{"start":{"line":18,"column":0},"end":{"line":18,"column":62}},"15":{"start":{"line":19,"column":0},"end":{"line":19,"column":50}},"16":{"start":{"line":20,"column":17},"end":{"line":20,"column":56}},"17":{"start":{"line":21,"column":14},"end":{"line":21,"column":47}},"18":{"start":{"line":22,"column":37},"end":{"line":22,"column":78}},"19":{"start":{"line":23,"column":24},"end":{"line":23,"column":69}},"20":{"start":{"line":24,"column":25},"end":{"line":24,"column":71}},"21":{"start":{"line":25,"column":15},"end":{"line":25,"column":34}},"22":{"start":{"line":26,"column":28},"end":{"line":26,"column":77}},"23":{"start":{"line":27,"column":19},"end":{"line":27,"column":59}},"24":{"start":{"line":28,"column":14},"end":{"line":28,"column":32}},"25":{"start":{"line":29,"column":14},"end":{"line":29,"column":32}},"26":{"start":{"line":30,"column":20},"end":{"line":30,"column":61}},"27":{"start":{"line":31,"column":26},"end":{"line":31,"column":61}},"28":{"start":{"line":32,"column":18},"end":{"line":96,"column":3}},"29":{"start":{"line":34,"column":8},"end":{"line":34,"column":55}},"30":{"start":{"line":35,"column":8},"end":{"line":35,"column":57}},"31":{"start":{"line":36,"column":8},"end":{"line":36,"column":70}},"32":{"start":{"line":37,"column":8},"end":{"line":37,"column":25}},"33":{"start":{"line":38,"column":8},"end":{"line":41,"column":10}},"34":{"start":{"line":42,"column":8},"end":{"line":42,"column":41}},"35":{"start":{"line":44,"column":4},"end":{"line":84,"column":6}},"36":{"start":{"line":45,"column":19},"end":{"line":45,"column":21}},"37":{"start":{"line":46,"column":8},"end":{"line":48,"column":9}},"38":{"start":{"line":46,"column":22},"end":{"line":46,"column":23}},"39":{"start":{"line":47,"column":12},"end":{"line":47,"column":37}},"40":{"start":{"line":51,"column":20},"end":{"line":51,"column":24}},"41":{"start":{"line":52,"column":8},"end":{"line":60,"column":9}},"42":{"start":{"line":53,"column":12},"end":{"line":53,"column":40}},"43":{"start":{"line":54,"column":12},"end":{"line":54,"column":38}},"44":{"start":{"line":55,"column":12},"end":{"line":55,"column":29}},"45":{"start":{"line":58,"column":12},"end":{"line":58,"column":40}},"46":{"start":{"line":59,"column":12},"end":{"line":59,"column":29}},"47":{"start":{"line":61,"column":8},"end":{"line":61,"column":91}},"48":{"start":{"line":62,"column":20},"end":{"line":62,"column":69}},"49":{"start":{"line":63,"column":34},"end":{"line":63,"column":45}},"50":{"start":{"line":64,"column":19},"end":{"line":72,"column":9}},"51":{"start":{"line":73,"column":22},"end":{"line":73,"column":43}},"52":{"start":{"line":74,"column":8},"end":{"line":76,"column":11}},"53":{"start":{"line":75,"column":12},"end":{"line":75,"column":71}},"54":{"start":{"line":77,"column":8},"end":{"line":79,"column":11}},"55":{"start":{"line":78,"column":12},"end":{"line":78,"column":68}},"56":{"start":{"line":80,"column":8},"end":{"line":82,"column":9}},"57":{"start":{"line":81,"column":12},"end":{"line":81,"column":65}},"58":{"start":{"line":83,"column":8},"end":{"line":83,"column":23}},"59":{"start":{"line":85,"column":4},"end":{"line":87,"column":6}},"60":{"start":{"line":86,"column":8},"end":{"line":86,"column":32}},"61":{"start":{"line":88,"column":4},"end":{"line":94,"column":6}},"62":{"start":{"line":89,"column":8},"end":{"line":92,"column":9}},"63":{"start":{"line":90,"column":12},"end":{"line":90,"column":43}},"64":{"start":{"line":91,"column":12},"end":{"line":91,"column":24}},"65":{"start":{"line":93,"column":8},"end":{"line":93,"column":21}},"66":{"start":{"line":95,"column":4},"end":{"line":95,"column":22}},"67":{"start":{"line":97,"column":0},"end":{"line":97,"column":32}},"68":{"start":{"line":98,"column":0},"end":{"line":105,"column":3}},"69":{"start":{"line":99,"column":4},"end":{"line":104,"column":6}},"70":{"start":{"line":100,"column":8},"end":{"line":103,"column":20}},"71":{"start":{"line":106,"column":0},"end":{"line":114,"column":3}},"72":{"start":{"line":107,"column":4},"end":{"line":113,"column":6}},"73":{"start":{"line":108,"column":8},"end":{"line":112,"column":20}},"74":{"start":{"line":115,"column":24},"end":{"line":176,"column":13}},"75":{"start":{"line":116,"column":4},"end":{"line":116,"column":40}},"76":{"start":{"line":118,"column":22},"end":{"line":118,"column":47}},"77":{"start":{"line":119,"column":8},"end":{"line":119,"column":47}},"78":{"start":{"line":120,"column":8},"end":{"line":120,"column":46}},"79":{"start":{"line":121,"column":8},"end":{"line":121,"column":57}},"80":{"start":{"line":122,"column":8},"end":{"line":122,"column":40}},"81":{"start":{"line":123,"column":8},"end":{"line":123,"column":23}},"82":{"start":{"line":125,"column":4},"end":{"line":130,"column":6}},"83":{"start":{"line":126,"column":8},"end":{"line":128,"column":9}},"84":{"start":{"line":127,"column":12},"end":{"line":127,"column":71}},"85":{"start":{"line":129,"column":8},"end":{"line":129,"column":51}},"86":{"start":{"line":131,"column":4},"end":{"line":138,"column":6}},"87":{"start":{"line":132,"column":8},"end":{"line":137,"column":9}},"88":{"start":{"line":133,"column":12},"end":{"line":133,"column":56}},"89":{"start":{"line":136,"column":12},"end":{"line":136,"column":25}},"90":{"start":{"line":139,"column":4},"end":{"line":141,"column":6}},"91":{"start":{"line":140,"column":8},"end":{"line":140,"column":46}},"92":{"start":{"line":142,"column":4},"end":{"line":144,"column":6}},"93":{"start":{"line":143,"column":8},"end":{"line":143,"column":42}},"94":{"start":{"line":145,"column":4},"end":{"line":151,"column":6}},"95":{"start":{"line":146,"column":19},"end":{"line":146,"column":21}},"96":{"start":{"line":147,"column":8},"end":{"line":149,"column":9}},"97":{"start":{"line":147,"column":22},"end":{"line":147,"column":23}},"98":{"start":{"line":148,"column":12},"end":{"line":148,"column":37}},"99":{"start":{"line":150,"column":8},"end":{"line":150,"column":41}},"100":{"start":{"line":152,"column":4},"end":{"line":168,"column":6}},"101":{"start":{"line":153,"column":28},"end":{"line":153,"column":30}},"102":{"start":{"line":154,"column":8},"end":{"line":161,"column":11}},"103":{"start":{"line":155,"column":12},"end":{"line":160,"column":13}},"104":{"start":{"line":156,"column":16},"end":{"line":159,"column":19}},"105":{"start":{"line":162,"column":8},"end":{"line":164,"column":9}},"106":{"start":{"line":163,"column":12},"end":{"line":163,"column":61}},"107":{"start":{"line":165,"column":8},"end":{"line":167,"column":11}},"108":{"start":{"line":166,"column":12},"end":{"line":166,"column":23}},"109":{"start":{"line":169,"column":4},"end":{"line":171,"column":6}},"110":{"start":{"line":170,"column":8},"end":{"line":170,"column":87}},"111":{"start":{"line":170,"column":51},"end":{"line":170,"column":83}},"112":{"start":{"line":172,"column":4},"end":{"line":174,"column":6}},"113":{"start":{"line":173,"column":8},"end":{"line":173,"column":37}},"114":{"start":{"line":175,"column":4},"end":{"line":175,"column":28}},"115":{"start":{"line":178,"column":0},"end":{"line":178,"column":45}}},"fnMap":{"0":{"name":"(anonymous_0)","decl":{"start":{"line":2,"column":45},"end":{"line":2,"column":46}},"loc":{"start":{"line":2,"column":57},"end":{"line":14,"column":1}},"line":2},"1":{"name":"(anonymous_1)","decl":{"start":{"line":3,"column":24},"end":{"line":3,"column":25}},"loc":{"start":{"line":3,"column":40},"end":{"line":8,"column":5}},"line":3},"2":{"name":"(anonymous_2)","decl":{"start":{"line":5,"column":51},"end":{"line":5,"column":52}},"loc":{"start":{"line":5,"column":67},"end":{"line":5,"column":87}},"line":5},"3":{"name":"(anonymous_3)","decl":{"start":{"line":6,"column":12},"end":{"line":6,"column":13}},"loc":{"start":{"line":6,"column":28},"end":{"line":6,"column":86}},"line":6},"4":{"name":"(anonymous_4)","decl":{"start":{"line":9,"column":11},"end":{"line":9,"column":12}},"loc":{"start":{"line":9,"column":27},"end":{"line":13,"column":5}},"line":9},"5":{"name":"__","decl":{"start":{"line":11,"column":17},"end":{"line":11,"column":19}},"loc":{"start":{"line":11,"column":22},"end":{"line":11,"column":47}},"line":11},"6":{"name":"(anonymous_6)","decl":{"start":{"line":15,"column":56},"end":{"line":15,"column":57}},"loc":{"start":{"line":15,"column":71},"end":{"line":17,"column":1}},"line":15},"7":{"name":"(anonymous_7)","decl":{"start":{"line":32,"column":18},"end":{"line":32,"column":19}},"loc":{"start":{"line":32,"column":30},"end":{"line":96,"column":1}},"line":32},"8":{"name":"AxiosSugar","decl":{"start":{"line":33,"column":13},"end":{"line":33,"column":23}},"loc":{"start":{"line":33,"column":45},"end":{"line":43,"column":5}},"line":33},"9":{"name":"(anonymous_9)","decl":{"start":{"line":44,"column":35},"end":{"line":44,"column":36}},"loc":{"start":{"line":44,"column":47},"end":{"line":84,"column":5}},"line":44},"10":{"name":"(anonymous_10)","decl":{"start":{"line":74,"column":40},"end":{"line":74,"column":41}},"loc":{"start":{"line":74,"column":63},"end":{"line":76,"column":9}},"line":74},"11":{"name":"(anonymous_11)","decl":{"start":{"line":77,"column":41},"end":{"line":77,"column":42}},"loc":{"start":{"line":77,"column":64},"end":{"line":79,"column":9}},"line":77},"12":{"name":"(anonymous_12)","decl":{"start":{"line":85,"column":30},"end":{"line":85,"column":31}},"loc":{"start":{"line":85,"column":51},"end":{"line":87,"column":5}},"line":85},"13":{"name":"(anonymous_13)","decl":{"start":{"line":88,"column":31},"end":{"line":88,"column":32}},"loc":{"start":{"line":88,"column":52},"end":{"line":94,"column":5}},"line":88},"14":{"name":"(anonymous_14)","decl":{"start":{"line":98,"column":45},"end":{"line":98,"column":46}},"loc":{"start":{"line":98,"column":63},"end":{"line":105,"column":1}},"line":98},"15":{"name":"(anonymous_15)","decl":{"start":{"line":99,"column":35},"end":{"line":99,"column":36}},"loc":{"start":{"line":99,"column":71},"end":{"line":104,"column":5}},"line":99},"16":{"name":"(anonymous_16)","decl":{"start":{"line":106,"column":33},"end":{"line":106,"column":34}},"loc":{"start":{"line":106,"column":51},"end":{"line":114,"column":1}},"line":106},"17":{"name":"(anonymous_17)","decl":{"start":{"line":107,"column":35},"end":{"line":107,"column":36}},"loc":{"start":{"line":107,"column":77},"end":{"line":113,"column":5}},"line":107},"18":{"name":"(anonymous_18)","decl":{"start":{"line":115,"column":24},"end":{"line":115,"column":25}},"loc":{"start":{"line":115,"column":42},"end":{"line":176,"column":1}},"line":115},"19":{"name":"AxiosSugarStatic","decl":{"start":{"line":117,"column":13},"end":{"line":117,"column":29}},"loc":{"start":{"line":117,"column":32},"end":{"line":124,"column":5}},"line":117},"20":{"name":"(anonymous_20)","decl":{"start":{"line":125,"column":40},"end":{"line":125,"column":41}},"loc":{"start":{"line":125,"column":71},"end":{"line":130,"column":5}},"line":125},"21":{"name":"(anonymous_21)","decl":{"start":{"line":131,"column":42},"end":{"line":131,"column":43}},"loc":{"start":{"line":131,"column":57},"end":{"line":138,"column":5}},"line":131},"22":{"name":"(anonymous_22)","decl":{"start":{"line":139,"column":40},"end":{"line":139,"column":41}},"loc":{"start":{"line":139,"column":58},"end":{"line":141,"column":5}},"line":139},"23":{"name":"(anonymous_23)","decl":{"start":{"line":142,"column":40},"end":{"line":142,"column":41}},"loc":{"start":{"line":142,"column":54},"end":{"line":144,"column":5}},"line":142},"24":{"name":"(anonymous_24)","decl":{"start":{"line":145,"column":37},"end":{"line":145,"column":38}},"loc":{"start":{"line":145,"column":49},"end":{"line":151,"column":5}},"line":145},"25":{"name":"(anonymous_25)","decl":{"start":{"line":152,"column":43},"end":{"line":152,"column":44}},"loc":{"start":{"line":152,"column":55},"end":{"line":168,"column":5}},"line":152},"26":{"name":"(anonymous_26)","decl":{"start":{"line":154,"column":41},"end":{"line":154,"column":42}},"loc":{"start":{"line":154,"column":54},"end":{"line":161,"column":9}},"line":154},"27":{"name":"(anonymous_27)","decl":{"start":{"line":165,"column":30},"end":{"line":165,"column":31}},"loc":{"start":{"line":165,"column":43},"end":{"line":167,"column":9}},"line":165},"28":{"name":"(anonymous_28)","decl":{"start":{"line":169,"column":46},"end":{"line":169,"column":47}},"loc":{"start":{"line":169,"column":71},"end":{"line":171,"column":5}},"line":169},"29":{"name":"(anonymous_29)","decl":{"start":{"line":170,"column":36},"end":{"line":170,"column":37}},"loc":{"start":{"line":170,"column":49},"end":{"line":170,"column":85}},"line":170},"30":{"name":"(anonymous_30)","decl":{"start":{"line":172,"column":49},"end":{"line":172,"column":50}},"loc":{"start":{"line":172,"column":64},"end":{"line":174,"column":5}},"line":172}},"branchMap":{"0":{"loc":{"start":{"line":2,"column":16},"end":{"line":14,"column":4}},"type":"binary-expr","locations":[{"start":{"line":2,"column":17},"end":{"line":2,"column":21}},{"start":{"line":2,"column":25},"end":{"line":2,"column":39}},{"start":{"line":2,"column":44},"end":{"line":14,"column":4}}],"line":2},"1":{"loc":{"start":{"line":4,"column":24},"end":{"line":6,"column":86}},"type":"binary-expr","locations":[{"start":{"line":4,"column":24},"end":{"line":4,"column":45}},{"start":{"line":5,"column":13},"end":{"line":5,"column":47}},{"start":{"line":5,"column":51},"end":{"line":5,"column":87}},{"start":{"line":6,"column":12},"end":{"line":6,"column":86}}],"line":4},"2":{"loc":{"start":{"line":6,"column":47},"end":{"line":6,"column":84}},"type":"if","locations":[{"start":{"line":6,"column":47},"end":{"line":6,"column":84}},{"start":{"line":6,"column":47},"end":{"line":6,"column":84}}],"line":6},"3":{"loc":{"start":{"line":12,"column":22},"end":{"line":12,"column":92}},"type":"cond-expr","locations":[{"start":{"line":12,"column":35},"end":{"line":12,"column":51}},{"start":{"line":12,"column":55},"end":{"line":12,"column":91}}],"line":12},"4":{"loc":{"start":{"line":15,"column":22},"end":{"line":17,"column":1}},"type":"binary-expr","locations":[{"start":{"line":15,"column":23},"end":{"line":15,"column":27}},{"start":{"line":15,"column":31},"end":{"line":15,"column":51}},{"start":{"line":15,"column":56},"end":{"line":17,"column":1}}],"line":15},"5":{"loc":{"start":{"line":16,"column":11},"end":{"line":16,"column":61}},"type":"cond-expr","locations":[{"start":{"line":16,"column":37},"end":{"line":16,"column":40}},{"start":{"line":16,"column":43},"end":{"line":16,"column":61}}],"line":16},"6":{"loc":{"start":{"line":16,"column":12},"end":{"line":16,"column":33}},"type":"binary-expr","locations":[{"start":{"line":16,"column":12},"end":{"line":16,"column":15}},{"start":{"line":16,"column":19},"end":{"line":16,"column":33}}],"line":16},"7":{"loc":{"start":{"line":36,"column":22},"end":{"line":36,"column":69}},"type":"binary-expr","locations":[{"start":{"line":36,"column":22},"end":{"line":36,"column":28}},{"start":{"line":36,"column":32},"end":{"line":36,"column":69}}],"line":36},"8":{"loc":{"start":{"line":52,"column":8},"end":{"line":60,"column":9}},"type":"if","locations":[{"start":{"line":52,"column":8},"end":{"line":60,"column":9}},{"start":{"line":52,"column":8},"end":{"line":60,"column":9}}],"line":52},"9":{"loc":{"start":{"line":53,"column":26},"end":{"line":53,"column":39}},"type":"binary-expr","locations":[{"start":{"line":53,"column":26},"end":{"line":53,"column":33}},{"start":{"line":53,"column":37},"end":{"line":53,"column":39}}],"line":53},"10":{"loc":{"start":{"line":58,"column":26},"end":{"line":58,"column":39}},"type":"binary-expr","locations":[{"start":{"line":58,"column":26},"end":{"line":58,"column":33}},{"start":{"line":58,"column":37},"end":{"line":58,"column":39}}],"line":58},"11":{"loc":{"start":{"line":61,"column":17},"end":{"line":61,"column":90}},"type":"cond-expr","locations":[{"start":{"line":61,"column":26},"end":{"line":61,"column":75}},{"start":{"line":61,"column":78},"end":{"line":61,"column":90}}],"line":61},"12":{"loc":{"start":{"line":64,"column":19},"end":{"line":72,"column":9}},"type":"cond-expr","locations":[{"start":{"line":64,"column":59},"end":{"line":68,"column":9}},{"start":{"line":68,"column":12},"end":{"line":72,"column":9}}],"line":64},"13":{"loc":{"start":{"line":67,"column":19},"end":{"line":67,"column":115}},"type":"cond-expr","locations":[{"start":{"line":67,"column":62},"end":{"line":67,"column":87}},{"start":{"line":67,"column":90},"end":{"line":67,"column":115}}],"line":67},"14":{"loc":{"start":{"line":89,"column":8},"end":{"line":92,"column":9}},"type":"if","locations":[{"start":{"line":89,"column":8},"end":{"line":92,"column":9}},{"start":{"line":89,"column":8},"end":{"line":92,"column":9}}],"line":89},"15":{"loc":{"start":{"line":100,"column":42},"end":{"line":100,"column":59}},"type":"binary-expr","locations":[{"start":{"line":100,"column":42},"end":{"line":100,"column":53}},{"start":{"line":100,"column":57},"end":{"line":100,"column":59}}],"line":100},"16":{"loc":{"start":{"line":108,"column":42},"end":{"line":108,"column":59}},"type":"binary-expr","locations":[{"start":{"line":108,"column":42},"end":{"line":108,"column":53}},{"start":{"line":108,"column":57},"end":{"line":108,"column":59}}],"line":108},"17":{"loc":{"start":{"line":118,"column":22},"end":{"line":118,"column":47}},"type":"binary-expr","locations":[{"start":{"line":118,"column":22},"end":{"line":118,"column":39}},{"start":{"line":118,"column":43},"end":{"line":118,"column":47}}],"line":118},"18":{"loc":{"start":{"line":126,"column":8},"end":{"line":128,"column":9}},"type":"if","locations":[{"start":{"line":126,"column":8},"end":{"line":128,"column":9}},{"start":{"line":126,"column":8},"end":{"line":128,"column":9}}],"line":126},"19":{"loc":{"start":{"line":132,"column":8},"end":{"line":137,"column":9}},"type":"if","locations":[{"start":{"line":132,"column":8},"end":{"line":137,"column":9}},{"start":{"line":132,"column":8},"end":{"line":137,"column":9}}],"line":132},"20":{"loc":{"start":{"line":155,"column":12},"end":{"line":160,"column":13}},"type":"if","locations":[{"start":{"line":155,"column":12},"end":{"line":160,"column":13}},{"start":{"line":155,"column":12},"end":{"line":160,"column":13}}],"line":155},"21":{"loc":{"start":{"line":162,"column":8},"end":{"line":164,"column":9}},"type":"if","locations":[{"start":{"line":162,"column":8},"end":{"line":164,"column":9}},{"start":{"line":162,"column":8},"end":{"line":164,"column":9}}],"line":162}},"s":{"0":1,"1":1,"2":1,"3":0,"4":0,"5":0,"6":0,"7":1,"8":1,"9":1,"10":1,"11":1,"12":1,"13":7,"14":1,"15":1,"16":1,"17":1,"18":1,"19":1,"20":1,"21":1,"22":1,"23":1,"24":1,"25":1,"26":1,"27":1,"28":1,"29":7,"30":7,"31":7,"32":7,"33":7,"34":7,"35":1,"36":11,"37":11,"38":11,"39":22,"40":11,"41":11,"42":0,"43":0,"44":0,"45":11,"46":11,"47":11,"48":11,"49":11,"50":11,"51":11,"52":11,"53":11,"54":11,"55":11,"56":11,"57":33,"58":11,"59":1,"60":4,"61":1,"62":0,"63":0,"64":0,"65":0,"66":1,"67":1,"68":1,"69":4,"70":8,"71":1,"72":3,"73":3,"74":1,"75":1,"76":1,"77":1,"78":1,"79":1,"80":1,"81":1,"82":1,"83":6,"84":4,"85":6,"86":1,"87":1,"88":1,"89":0,"90":1,"91":0,"92":1,"93":0,"94":1,"95":0,"96":0,"97":0,"98":0,"99":0,"100":1,"101":0,"102":0,"103":0,"104":0,"105":0,"106":0,"107":0,"108":0,"109":1,"110":0,"111":0,"112":1,"113":0,"114":1,"115":1},"f":{"0":1,"1":1,"2":0,"3":0,"4":1,"5":1,"6":7,"7":1,"8":7,"9":11,"10":11,"11":11,"12":4,"13":0,"14":4,"15":8,"16":3,"17":3,"18":1,"19":1,"20":6,"21":1,"22":0,"23":0,"24":0,"25":0,"26":0,"27":0,"28":0,"29":0,"30":0},"b":{"0":[1,1,1],"1":[1,0,0,0],"2":[0,0],"3":[0,1],"4":[1,1,1],"5":[6,1],"6":[7,7],"7":[7,3],"8":[0,11],"9":[0,0],"10":[11,0],"11":[0,11],"12":[0,11],"13":[0,0],"14":[0,0],"15":[8,7],"16":[3,2],"17":[1,1],"18":[4,2],"19":[1,0],"20":[0,0],"21":[0,0]},"inputSourceMap":{"version":3,"file":"C:/Users/Administrator/Desktop/axios-sugar/src/core/AxiosSugar.ts","sources":["C:/Users/Administrator/Desktop/axios-sugar/src/core/AxiosSugar.ts"],"names":[],"mappings":";;;;;;;;;;;;;;;;;;;AAAA,yDAAyD;AACzD,gDAA0B;AAC1B,+EAA8E;AAE9E,sEAAwE;AACxE,wEAAkD;AAClD,mCAAqC;AACrC,8EAAwD;AACxD,4DAAsC;AACtC,iCAA6C;AAC7C,iCAAgC;AAChC,8DAAwC;AAGxC,IAAM,mBAAmB,GAAG,IAAI,6BAAmB,EAAE,CAAC;AAwBtD;IA8EE,oBAAa,WAAgC,EAAE,MAAyB;QACtE,IAAI,CAAC,mBAAmB,GAAG,mBAAmB,CAAC;QAC/C,IAAI,CAAC,KAAK,GAAG,eAAK,CAAC,MAAM,CAAC,WAAW,CAAC,CAAC;QACvC,IAAI,CAAC,MAAM,GAAG,MAAM,IAAI,MAAM,CAAC,MAAM,CAAC,EAAE,EAAE,kBAAQ,CAAC,CAAC;QACpD,IAAI,CAAC,MAAM,GAAG,EAAE,CAAC;QACjB,IAAI,CAAC,YAAY,GAAG;YAClB,OAAO,EAAE,IAAI,2DAA4B,EAAE;YAC3C,QAAQ,EAAE,IAAI,2DAA4B,EAAE;SAC7C,CAAC;QAEF,0BAAgB,CAAC,IAAI,CAAC,CAAC;IACzB,CAAC;IAvED,4BAAO,GAAP;QAAS,cAAO;aAAP,UAAO,EAAP,qBAAO,EAAP,IAAO;YAAP,yBAAO;;QACd,IAAI,WAAqD,CAAC;QAC1D,IAAI,MAAwB,CAAC;QAC7B,IAAM,KAAK,GAAG,IAA6B,CAAA;QAE3C,IAAI,aAAK,CAAC,IAAI,CAAC,CAAC,CAAC,CAAC,EAAE;YAClB,WAAW,GAAG,IAAI,CAAC,CAAC,CAAC,IAAI,EAAE,CAAC;YAC3B,WAAkC,CAAC,GAAG,GAAG,IAAI,CAAC,CAAC,CAAC,CAAC;YAClD,MAAM,GAAG,IAAI,CAAC,CAAC,CAAC,CAAC;SAClB;aAAM;YACL,WAAW,GAAG,IAAI,CAAC,CAAC,CAAC,IAAI,EAAE,CAAC;YAC5B,MAAM,GAAG,IAAI,CAAC,CAAC,CAAC,CAAC;SAClB;QAED,MAAM,GAAG,MAAM,CAAC,CAAC,CAAC,qBAAW,CAAC,kBAAQ,EAAE,MAAM,CAAC,CAAC,CAAC,CAAC,KAAK,CAAC,MAAM,CAAC;QAE/D,IAAM,KAAK,GAAG,CAAC,yBAAe,CAAC,IAAI,CAAC,IAAI,CAAC,EAAE,SAAS,CAAC,CAAC;QAEtD,IAAM,mBAAmB,GAAI,WAAmC,CAAC;QAEjE,IAAM,IAAI,GAAG,mBAAmB,CAAC,iBAAiB,CAAC,CAAC,CAAC;YACnD,KAAK,EAAE,mBAAmB,CAAC,KAAK;YAChC,KAAK,EAAE,mBAAmB,CAAC,KAAK;YAChC,KAAK,EAAE,aAAK,CAAC,mBAAmB,CAAC,KAAK,CAAC,CAAC,CAAC,CAAC,mBAAmB,CAAC,KAAK,CAAC,CAAC,CAAC,mBAAmB,CAAC,KAAK;SAChG,CAAC,CAAC,CAAC;YACF,KAAK,EAAE,WAAW;YAClB,KAAK,EAAE,MAAM;YACb,cAAc,EAAE,KAAK;SACtB,CAAC;QAGF,IAAI,OAAO,GAAiB,OAAO,CAAC,OAAO,CAAC,IAAI,CAAC,CAAC;QAElD,KAAK,CAAC,YAAY,CAAC,OAAO,CAAC,IAAI,CAAC,UAAC,WAAW;YAC1C,KAAK,CAAC,OAAO,CAAC,WAAW,CAAC,SAAS,EAAE,WAAW,CAAC,QAAQ,CAAC,CAAC;QAC7D,CAAC,CAAC,CAAA;QAEF,KAAK,CAAC,YAAY,CAAC,QAAQ,CAAC,IAAI,CAAC,UAAC,WAAW;YAC3C,KAAK,CAAC,IAAI,CAAC,WAAW,CAAC,SAAS,EAAE,WAAW,CAAC,QAAQ,CAAC,CAAC;QAC1D,CAAC,CAAC,CAAA;QAEF,OAAO,KAAK,CAAC,MAAM,EAAE;YACnB,OAAO,GAAG,OAAO,CAAC,IAAI,CAAC,KAAK,CAAC,KAAK,EAAE,EAAE,KAAK,CAAC,KAAK,EAAE,CAAC,CAAC;SACtD;QAED,OAAO,OAAO,CAAC;IACjB,CAAC;IAED,uBAAE,GAAF,UAAI,KAAY,EAAE,EAAY;QAC5B,IAAI,CAAC,MAAM,CAAC,KAAK,CAAC,GAAG,EAAE,CAAC;IAC1B,CAAC;IAED,wBAAG,GAAH,UAAK,KAAY,EAAE,EAAY;QAC7B,IAAI,IAAI,CAAC,MAAM,CAAC,KAAK,CAAC,KAAK,EAAE,EAAE;YAC7B,IAAI,CAAC,MAAM,CAAC,KAAK,CAAC,GAAG,SAAS,CAAC;YAC/B,OAAO,IAAI,CAAC;SACb;QACD,OAAO,KAAK,CAAC;IACf,CAAC;IAcH,iBAAC;AAAD,CAAC,AA1FD,IA0FC;AA1FY,gCAAU;AA4FvB,CAAC,QAAQ,EAAE,KAAK,EAAE,MAAM,EAAE,SAAS,CAAC,CAAC,OAAO,CAAC,UAAU,MAAM;IAC3D,UAAU,CAAC,SAAS,CAAC,MAAM,CAAC,GAAG,UAC7B,GAAW,EACX,WAA+B,EAC/B,MAAwB;QAExB,OAAO,IAAI,CAAC,OAAO,CAAC,aAAK,CAAC,WAAW,IAAI,EAAE,EAAE;YAC3C,MAAM,EAAE,MAAM;YACd,GAAG,EAAE,GAAG;SACT,CAAC,EAAE,MAAM,CAAC,CAAC;IACd,CAAC,CAAC;AACJ,CAAC,CAAC,CAAC;AAEH,CAAC,MAAM,EAAE,KAAK,EAAE,OAAO,CAAC,CAAC,OAAO,CAAC,UAAU,MAAM;IAC/C,UAAU,CAAC,SAAS,CAAC,MAAM,CAAC,GAAG,UAC7B,GAAW,EAAE,IAAI,EACjB,WAA+B,EAC/B,MAAwB;QAExB,OAAO,IAAI,CAAC,OAAO,CAAC,aAAK,CAAC,WAAW,IAAI,EAAE,EAAE;YAC3C,MAAM,EAAE,MAAM;YACd,GAAG,EAAE,GAAG;YACR,IAAI,EAAE,IAAI;SACX,CAAC,EAAE,MAAM,CAAC,CAAC;IACd,CAAC,CAAC;AACJ,CAAC,CAAC,CAAC;AAEH;IAA+B,oCAAU;IAkEvC;QAAA,cACE,iBAAO,SAIR;QAvDD,iBAAS,GAAG,kBAAS,CAAA;QAoDnB,OAAI,CAAC,QAAQ,GAAG,kBAAQ,CAAC;QACzB,OAAI,CAAC,aAAa,GAAG,eAAK,CAAC,QAAQ,CAAC;QACpC,OAAI,CAAC,KAAK,GAAG,eAAK,CAAC;;IACrB,CAAC;IAjED,iCAAM,GAAN,UACE,WAAgC,EAChC,MAAyB;QAEzB,IAAI,MAAM,EAAE;YACV,MAAM,GAAG,qBAAW,CAAC,kBAAQ,EAAE,MAAM,CAAC,CAAC;SACxC;QACD,OAAO,IAAI,UAAU,CAAC,WAAW,EAAE,MAAM,CAAC,CAAC;IAC7C,CAAC;IAID,mCAAQ,GAAR,UAAU,GAAwB;QAChC,IAAI,GAAG,CAAC,MAAM,EAAE;YACd,OAAO,eAAK,CAAC,QAAQ,CAAC,GAAG,CAAC,MAAM,CAAC,CAAC;SACnC;aAAM;YACL,OAAO,KAAK,CAAC;SACd;IACH,CAAC;IAED,iCAAM,GAAN,UAAQ,MAA0B;QAChC,OAAO,eAAK,CAAC,MAAM,CAAC,MAAM,CAAC,CAAC;IAC9B,CAAC;IAED,iCAAM,GAAN,UAAQ,EAAkB;QACxB,OAAO,eAAK,CAAC,MAAM,CAAC,EAAE,CAAC,CAAA;IACzB,CAAC;IAED,8BAAG,GAAH;QAAK,cAAkB;aAAlB,UAAkB,EAAlB,qBAAkB,EAAlB,IAAkB;YAAlB,yBAAkB;;QACrB,OAAO,eAAK,CAAC,GAAG,CAAC,IAAI,CAAC,CAAC;IACzB,CAAC;IAED,oCAAS,GAAT;QACE,IAAI,aAAa,GAAwB,EAAE,CAAC;QAC5C,oBAAU,CAAC,OAAO,CAAC,GAAG,CAAC,UAAA,CAAC;YACtB,IAAI,CAAC,KAAK,IAAI,EAAE;gBACd,aAAa,CAAC,IAAI,CAAC;oBACjB,MAAM,EAAE,oBAAU,CAAC,OAAO,CAAC,CAAC,CAAC,KAAK,CAAC;oBACnC,MAAM,EAAE,CAAC;iBACV,CAAC,CAAC;aACJ;QACH,CAAC,CAAC,CAAC;QAEH,IAAI,YAAI,CAAC,IAAI,CAAC,YAAY,CAAC,EAAE;YAC3B,aAAa,GAAG,IAAI,CAAC,YAAY,CAAC,aAAa,CAAC,CAAC;SAClD;QAED,aAAa,CAAC,OAAO,CAAC,UAAA,CAAC;YACrB,CAAC,CAAC,MAAM,EAAE,CAAC;QACb,CAAC,CAAC,CAAC;IACL,CAAC;IAED,uCAAY,GAAZ,UAAc,aAAkC;QAC9C,OAAO,aAAa,CAAC,MAAM,CAAC,UAAC,CAAC,IAAK,OAAA,CAAC,CAAC,CAAC,MAAM,CAAC,cAAc,EAAxB,CAAwB,CAAC,CAAC;IAC/D,CAAC;IAED,0CAAe,GAAf,UAAiB,GAAwB;QACvC,GAAG,CAAC,KAAK,CAAC,KAAK,CAAC,IAAI,GAAG,KAAK,CAAC;IAC/B,CAAC;IAQH,uBAAC;AAAD,CAAC,AAxED,CAA+B,UAAU,GAwExC;AAAA,CAAC;AAEW,QAAA,WAAW,GAAG,IAAI,gBAAgB,EAAE,CAAC","sourcesContent":["import defaults, { AxiosSugarConfig } from '../defaults';\r\nimport axios from 'axios';\r\nimport { AxiosSugarInterceptorManager } from './AxiosSugarInterceptorManager';\r\nimport { AxiosRequestConfig, AxiosInstance } from 'axios/index';\r\nimport dispatchRequest, { MiddleRequestConfig } from './dispatchRequest'\r\nimport initInterceptors from './initInterceptors';\r\nimport { repeatTag } from './repeat';\r\nimport HttpStatusProcessor from './HttpStatusProcessor';\r\nimport MiddleData from './MiddleData';\r\nimport { isFn, isNum, isStr } from './utils';\r\nimport { merge } from './utils';\r\nimport mergeConfig from './mergeConfig';\r\nimport { MiddleResponseError } from './dispatchRequest';\r\n\r\nconst httpStatusProcessor = new HttpStatusProcessor();\r\n\r\nexport interface Interceptors {\r\n  request: AxiosSugarInterceptorManager;\r\n  response: AxiosSugarInterceptorManager;\r\n}\r\n\r\ntype Event = 'retried' | 'retryFailed'\r\n| 'stored' | 'repeated'\r\n| 'offline' | 'onlineTimeout' | 'online';\r\n\r\ntype Events = {\r\n  [key in Event]: Function;\r\n} | {};\r\n\r\ninterface spreadCallback {\r\n  (...args: unknown[])\r\n}\r\n\r\ninterface CancelConfig {\r\n  cancel: Function;\r\n  config: MiddleRequestConfig;\r\n}\r\n\r\nexport class AxiosSugar {\r\n  axios: AxiosInstance;\r\n  interceptors: Interceptors;\r\n  config: AxiosSugarConfig;\r\n  events: Events;\r\n  httpStatusProcessor: HttpStatusProcessor;\r\n  // properties to static\r\n  [key: string]: any;\r\n  get: (url: string, axiosConfig?: AxiosRequestConfig, config?: AxiosSugarConfig) => Promise<any>;\r\n  post: (url: string, axiosConfig?: AxiosRequestConfig, config?: AxiosSugarConfig) => Promise<any>;\r\n  head: (url: string, axiosConfig?: AxiosRequestConfig, config?: AxiosSugarConfig) => Promise<any>;\r\n  options: (url: string, axiosConfig?: AxiosRequestConfig, config?: AxiosSugarConfig) => Promise<any>;\r\n  delete: (url: string, axiosConfig?: AxiosRequestConfig, config?: AxiosSugarConfig) => Promise<any>;\r\n  put: (url: string, axiosConfig?: AxiosRequestConfig, config?: AxiosSugarConfig) => Promise<any>;\r\n  patch: (url: string, axiosConfig?: AxiosRequestConfig, config?: AxiosSugarConfig) => Promise<any>;\r\n\r\n  request (axiosConfig: AxiosRequestConfig | MiddleResponseError, config?: AxiosSugarConfig): Promise<any>;\r\n  request (url: string, axiosConfig?: AxiosRequestConfig | MiddleResponseError, config?: AxiosSugarConfig): Promise<any>;\r\n  request (...args): Promise<any> {\r\n    let axiosConfig: AxiosRequestConfig | MiddleResponseError;\r\n    let config: AxiosSugarConfig;\r\n    const _this = this as unknown as AxiosSugar\r\n\r\n    if (isStr(args[0])) {\r\n      axiosConfig = args[1] || {};\r\n      (axiosConfig as AxiosRequestConfig).url = args[0];\r\n      config = args[2];\r\n    } else {\r\n      axiosConfig = args[0] || {};\r\n      config = args[1];\r\n    }\r\n\r\n    config = config ? mergeConfig(defaults, config) : _this.config;\r\n  \r\n    const chain = [dispatchRequest.bind(this), undefined];\r\n  \r\n    const middleResponseError = (axiosConfig as MiddleResponseError);\r\n\r\n    const data = middleResponseError.isAxiosSugarError ? {\r\n      axios: middleResponseError.axios,\r\n      sugar: middleResponseError.sugar,\r\n      count: isNum(middleResponseError.count) ? middleResponseError.count : middleResponseError.count\r\n    } : {\r\n      axios: axiosConfig,\r\n      sugar: config,\r\n      cancelDisabled: false\r\n    };\r\n  \r\n    // dispatch data to dispatchRequest and interceptors\r\n    let promise: Promise<any> = Promise.resolve(data);\r\n  \r\n    _this.interceptors.request.each((interceptor) => {\r\n      chain.unshift(interceptor.fulfilled, interceptor.rejected);\r\n    })\r\n  \r\n    _this.interceptors.response.each((interceptor) => {\r\n      chain.push(interceptor.fulfilled, interceptor.rejected);\r\n    })\r\n  \r\n    while (chain.length) {\r\n      promise = promise.then(chain.shift(), chain.shift());\r\n    }\r\n    \r\n    return promise;\r\n  }\r\n\r\n  on (event: Event, fn: Function) {\r\n    this.events[event] = fn;\r\n  }\r\n  \r\n  off (event: Event, fn: Function): Boolean {\r\n    if (this.events[event] === fn) {\r\n      this.events[event] = undefined;\r\n      return true;\r\n    }\r\n    return false;\r\n  }\r\n  // e.g. axiosSugar.get({}, {timeout: 1000})\r\n  constructor (axiosConfig?: AxiosRequestConfig, config?: AxiosSugarConfig) {\r\n    this.httpStatusProcessor = httpStatusProcessor;\r\n    this.axios = axios.create(axiosConfig);\r\n    this.config = config || Object.assign({}, defaults);\r\n    this.events = {};\r\n    this.interceptors = {\r\n      request: new AxiosSugarInterceptorManager(),\r\n      response: new AxiosSugarInterceptorManager()\r\n    };\r\n\r\n    initInterceptors(this);\r\n  }\r\n}\r\n\r\n['delete', 'get', 'head', 'options'].forEach(function (method) {\r\n  AxiosSugar.prototype[method] = function (\r\n    url: string,\r\n    axiosConfig: AxiosRequestConfig,\r\n    config: AxiosSugarConfig\r\n  ) {\r\n    return this.request(merge(axiosConfig || {}, {\r\n      method: method,\r\n      url: url\r\n    }), config);\r\n  };\r\n});\r\n\r\n['post', 'put', 'patch'].forEach(function (method) {\r\n  AxiosSugar.prototype[method] = function (\r\n    url: string, data,\r\n    axiosConfig: AxiosRequestConfig,\r\n    config: AxiosSugarConfig\r\n  ) {\r\n    return this.request(merge(axiosConfig || {}, {\r\n      method: method,\r\n      url: url,\r\n      data: data\r\n    }), config);\r\n  };\r\n});\r\n\r\nclass AxiosSugarStatic extends AxiosSugar {\r\n  defaults: AxiosSugarConfig;\r\n  axiosDefaults: AxiosRequestConfig;\r\n  axios: AxiosInstance;\r\n  static AxiosSugarStatic: (axiosConfig?: AxiosRequestConfig, config?: AxiosSugarConfig) => AxiosSugar;\r\n  [key: string]: any;\r\n  create (\r\n    axiosConfig?: AxiosRequestConfig,\r\n    config?: AxiosSugarConfig\r\n  ): AxiosSugar {\r\n    if (config) {\r\n      config = mergeConfig(defaults, config);\r\n    }\r\n    return new AxiosSugar(axiosConfig, config);\r\n  }\r\n  \r\n  repeatTag = repeatTag\r\n  \r\n  isCancel (err: MiddleResponseError): Boolean {\r\n    if (err.reason) {\r\n      return axios.isCancel(err.reason);\r\n    } else {\r\n      return false;\r\n    }\r\n  }\r\n  \r\n  getUri (config: AxiosRequestConfig) {\r\n    return axios.getUri(config);\r\n  }\r\n  \r\n  spread (fn: spreadCallback) {\r\n    return axios.spread(fn)\r\n  }\r\n  \r\n  all (...args: unknown[]) {\r\n    return axios.all(args);\r\n  }\r\n  \r\n  cancelAll (): void {\r\n    let cancelConfigs: Array<CancelConfig> = [];\r\n    MiddleData.configs.map(c => {\r\n      if (c !== null) {\r\n        cancelConfigs.push({\r\n          cancel: MiddleData.cancels[c.index],\r\n          config: c\r\n        });\r\n      }\r\n    });\r\n  \r\n    if (isFn(this.cancelFilter)) {\r\n      cancelConfigs = this.cancelFilter(cancelConfigs);\r\n    }\r\n  \r\n    cancelConfigs.forEach(c => {\r\n      c.cancel();\r\n    });\r\n  }\r\n\r\n  cancelFilter (cancelConfigs: Array<CancelConfig>): Array<CancelConfig> {\r\n    return cancelConfigs.filter((c) => !c.config.cancelDisabled);\r\n  }\r\n  \r\n  cancelAutoRetry (err: MiddleResponseError) {\r\n    err.sugar.retry.auto = false;\r\n  }\r\n\r\n  constructor () {\r\n    super();\r\n    this.defaults = defaults;\r\n    this.axiosDefaults = axios.defaults;\r\n    this.axios = axios;\r\n  }\r\n};\r\n\r\nexport const SugarStatic = new AxiosSugarStatic();\r\n"]},"_coverageSchema":"1a1c01bbd47fc00a2c39e90264f33305004495a9","hash":"f4b4158d36abcb1eb0c982a150b0611a8f9d4586","contentHash":"f80fc562a9a991bbc9e5a90dc97dbed202f8aca68298654353d9bf684435b674"},"C:\\Users\\Administrator\\Desktop\\axios-sugar\\src\\defaults.ts":{"path":"C:\\Users\\Administrator\\Desktop\\axios-sugar\\src\\defaults.ts","statementMap":{"0":{"start":{"line":2,"column":0},"end":{"line":2,"column":62}},"1":{"start":{"line":3,"column":26},"end":{"line":3,"column":61}},"2":{"start":{"line":4,"column":15},"end":{"line":26,"column":1}},"3":{"start":{"line":27,"column":0},"end":{"line":27,"column":27}}},"fnMap":{},"branchMap":{},"s":{"0":1,"1":1,"2":1,"3":1},"f":{},"b":{},"inputSourceMap":{"version":3,"file":"C:/Users/Administrator/Desktop/axios-sugar/src/defaults.ts","sources":["C:/Users/Administrator/Desktop/axios-sugar/src/defaults.ts"],"names":[],"mappings":";;AAAA,8DAAqF;AAoCrF,IAAM,QAAQ,GAAqB;IACjC,MAAM,EAAE;QACN,QAAQ,EAAE,IAAI;KACf;IACD,WAAW,EAAE;QACX,MAAM,EAAE,KAAK;QACb,OAAO,EAAE,IAAI;QACb,SAAS,EAAE;YACT,MAAM,EAAE,IAAI;YACZ,KAAK,EAAE,IAAI;SACZ;KACF;IACD,IAAI,EAAE;QACJ,MAAM,EAAE,KAAK;QACb,OAAO,EAAG,IAAI,0CAAsB,EAAE;KACvC;IACD,KAAK,EAAE;QACL,MAAM,EAAE,KAAK;QACb,IAAI,EAAE,IAAI;QACV,KAAK,EAAE,CAAC;QACR,KAAK,EAAE,IAAI;KACZ;CACF,CAAC;AAEF,kBAAe,QAAQ,CAAC","sourcesContent":["import { AxiosSugarStorage, AxiosSugarInnerStorage } from './core/AxiosSugarStorage';\r\n\r\ninterface repeat {\r\n  interval?: number;\r\n}\r\n\r\ninterface retry {\r\n  auto?: Boolean;\r\n  enable?: Boolean;\r\n  count?: number;\r\n  delay?: number;\r\n}\r\n\r\ninterface save {\r\n  enable?: Boolean;\r\n  storage?: AxiosSugarStorage;\r\n}\r\n\r\ninterface reconnect {\r\n  enable?: Boolean;\r\n  delay?: number;\r\n}\r\n\r\ninterface onlineCheck {\r\n  enable?: Boolean;\r\n  timeout?: number;\r\n  reconnect?: reconnect;\r\n}\r\n\r\nexport interface AxiosSugarConfig {\r\n  onlineCheck?: onlineCheck;\r\n  repeat?: repeat;\r\n  retry?: retry;\r\n  save?: save;\r\n}\r\n\r\nconst defaults: AxiosSugarConfig = {\r\n  repeat: {\r\n    interval: 2000\r\n  },\r\n  onlineCheck: {\r\n    enable: false,\r\n    timeout: 5000,\r\n    reconnect: {\r\n      enable: true,\r\n      delay: 5000\r\n    }\r\n  },\r\n  save: {\r\n    enable: false,\r\n    storage:  new AxiosSugarInnerStorage()\r\n  },\r\n  retry: {\r\n    enable: false,\r\n    auto: true,\r\n    count: 3,\r\n    delay: 2000\r\n  }\r\n};\r\n\r\nexport default defaults;"]},"_coverageSchema":"1a1c01bbd47fc00a2c39e90264f33305004495a9","hash":"007fb7c9b2750ff9cfe736e37d10c8a181b35ee0","contentHash":"28ebace8d092bc6af30343337b209765f0a7232016dc2fefbdebd8663aa760e4"},"C:\\Users\\Administrator\\Desktop\\axios-sugar\\src\\core\\utils.ts":{"path":"C:\\Users\\Administrator\\Desktop\\axios-sugar\\src\\core\\utils.ts","statementMap":{"0":{"start":{"line":2,"column":22},"end":{"line":4,"column":1}},"1":{"start":{"line":3,"column":4},"end":{"line":3,"column":62}},"2":{"start":{"line":5,"column":0},"end":{"line":5,"column":62}},"3":{"start":{"line":6,"column":0},"end":{"line":6,"column":313}},"4":{"start":{"line":7,"column":14},"end":{"line":7,"column":40}},"5":{"start":{"line":8,"column":18},"end":{"line":8,"column":55}},"6":{"start":{"line":10,"column":4},"end":{"line":10,"column":64}},"7":{"start":{"line":12,"column":0},"end":{"line":12,"column":32}},"8":{"start":{"line":14,"column":4},"end":{"line":14,"column":40}},"9":{"start":{"line":16,"column":0},"end":{"line":16,"column":22}},"10":{"start":{"line":18,"column":4},"end":{"line":18,"column":37}},"11":{"start":{"line":20,"column":0},"end":{"line":20,"column":22}},"12":{"start":{"line":22,"column":4},"end":{"line":22,"column":34}},"13":{"start":{"line":24,"column":0},"end":{"line":24,"column":26}},"14":{"start":{"line":26,"column":4},"end":{"line":26,"column":17}},"15":{"start":{"line":28,"column":0},"end":{"line":28,"column":38}},"16":{"start":{"line":30,"column":4},"end":{"line":30,"column":69}},"17":{"start":{"line":32,"column":0},"end":{"line":32,"column":28}},"18":{"start":{"line":34,"column":4},"end":{"line":34,"column":41}},"19":{"start":{"line":37,"column":4},"end":{"line":37,"column":36}},"20":{"start":{"line":39,"column":0},"end":{"line":39,"column":18}},"21":{"start":{"line":41,"column":4},"end":{"line":41,"column":37}},"22":{"start":{"line":43,"column":0},"end":{"line":43,"column":20}},"23":{"start":{"line":45,"column":4},"end":{"line":45,"column":38}},"24":{"start":{"line":47,"column":0},"end":{"line":47,"column":22}},"25":{"start":{"line":49,"column":4},"end":{"line":49,"column":40}},"26":{"start":{"line":51,"column":0},"end":{"line":51,"column":32}},"27":{"start":{"line":53,"column":4},"end":{"line":53,"column":50}},"28":{"start":{"line":55,"column":0},"end":{"line":55,"column":22}},"29":{"start":{"line":57,"column":4},"end":{"line":57,"column":37}},"30":{"start":{"line":59,"column":0},"end":{"line":59,"column":20}},"31":{"start":{"line":61,"column":4},"end":{"line":61,"column":35}},"32":{"start":{"line":63,"column":0},"end":{"line":63,"column":22}},"33":{"start":{"line":65,"column":4},"end":{"line":65,"column":74}},"34":{"start":{"line":67,"column":0},"end":{"line":67,"column":38}},"35":{"start":{"line":69,"column":15},"end":{"line":69,"column":17}},"36":{"start":{"line":70,"column":4},"end":{"line":72,"column":5}},"37":{"start":{"line":70,"column":18},"end":{"line":70,"column":19}},"38":{"start":{"line":71,"column":8},"end":{"line":71,"column":33}},"39":{"start":{"line":73,"column":4},"end":{"line":73,"column":47}},"40":{"start":{"line":75,"column":0},"end":{"line":75,"column":30}},"41":{"start":{"line":77,"column":15},"end":{"line":77,"column":17}},"42":{"start":{"line":78,"column":4},"end":{"line":80,"column":5}},"43":{"start":{"line":78,"column":18},"end":{"line":78,"column":19}},"44":{"start":{"line":79,"column":8},"end":{"line":79,"column":33}},"45":{"start":{"line":81,"column":4},"end":{"line":81,"column":43}},"46":{"start":{"line":83,"column":0},"end":{"line":83,"column":22}},"47":{"start":{"line":85,"column":4},"end":{"line":85,"column":60}},"48":{"start":{"line":85,"column":30},"end":{"line":85,"column":58}},"49":{"start":{"line":86,"column":4},"end":{"line":88,"column":7}},"50":{"start":{"line":90,"column":0},"end":{"line":90,"column":28}}},"fnMap":{"0":{"name":"(anonymous_0)","decl":{"start":{"line":2,"column":56},"end":{"line":2,"column":57}},"loc":{"start":{"line":2,"column":71},"end":{"line":4,"column":1}},"line":2},"1":{"name":"capitalize","decl":{"start":{"line":9,"column":9},"end":{"line":9,"column":19}},"loc":{"start":{"line":9,"column":25},"end":{"line":11,"column":1}},"line":9},"2":{"name":"isDef","decl":{"start":{"line":13,"column":9},"end":{"line":13,"column":14}},"loc":{"start":{"line":13,"column":22},"end":{"line":15,"column":1}},"line":13},"3":{"name":"isStr","decl":{"start":{"line":17,"column":9},"end":{"line":17,"column":14}},"loc":{"start":{"line":17,"column":22},"end":{"line":19,"column":1}},"line":17},"4":{"name":"isError","decl":{"start":{"line":21,"column":9},"end":{"line":21,"column":16}},"loc":{"start":{"line":21,"column":24},"end":{"line":23,"column":1}},"line":21},"5":{"name":"getDurationMS","decl":{"start":{"line":25,"column":9},"end":{"line":25,"column":22}},"loc":{"start":{"line":25,"column":29},"end":{"line":27,"column":1}},"line":25},"6":{"name":"notUndef","decl":{"start":{"line":29,"column":9},"end":{"line":29,"column":17}},"loc":{"start":{"line":29,"column":41},"end":{"line":31,"column":1}},"line":29},"7":{"name":"customMessage","decl":{"start":{"line":33,"column":9},"end":{"line":33,"column":22}},"loc":{"start":{"line":33,"column":28},"end":{"line":35,"column":1}},"line":33},"8":{"name":"log","decl":{"start":{"line":36,"column":9},"end":{"line":36,"column":12}},"loc":{"start":{"line":36,"column":18},"end":{"line":38,"column":1}},"line":36},"9":{"name":"warn","decl":{"start":{"line":40,"column":9},"end":{"line":40,"column":13}},"loc":{"start":{"line":40,"column":19},"end":{"line":42,"column":1}},"line":40},"10":{"name":"error","decl":{"start":{"line":44,"column":9},"end":{"line":44,"column":14}},"loc":{"start":{"line":44,"column":20},"end":{"line":46,"column":1}},"line":44},"11":{"name":"throwError","decl":{"start":{"line":48,"column":9},"end":{"line":48,"column":19}},"loc":{"start":{"line":48,"column":25},"end":{"line":50,"column":1}},"line":48},"12":{"name":"isDev","decl":{"start":{"line":52,"column":9},"end":{"line":52,"column":14}},"loc":{"start":{"line":52,"column":17},"end":{"line":54,"column":1}},"line":52},"13":{"name":"isFn","decl":{"start":{"line":56,"column":9},"end":{"line":56,"column":13}},"loc":{"start":{"line":56,"column":19},"end":{"line":58,"column":1}},"line":56},"14":{"name":"isNum","decl":{"start":{"line":60,"column":9},"end":{"line":60,"column":14}},"loc":{"start":{"line":60,"column":20},"end":{"line":62,"column":1}},"line":60},"15":{"name":"isPlainObject","decl":{"start":{"line":64,"column":9},"end":{"line":64,"column":22}},"loc":{"start":{"line":64,"column":28},"end":{"line":66,"column":1}},"line":64},"16":{"name":"deepMerge","decl":{"start":{"line":68,"column":9},"end":{"line":68,"column":18}},"loc":{"start":{"line":68,"column":21},"end":{"line":74,"column":1}},"line":68},"17":{"name":"merge","decl":{"start":{"line":76,"column":9},"end":{"line":76,"column":14}},"loc":{"start":{"line":76,"column":17},"end":{"line":82,"column":1}},"line":76},"18":{"name":"isOnline","decl":{"start":{"line":84,"column":9},"end":{"line":84,"column":17}},"loc":{"start":{"line":84,"column":27},"end":{"line":89,"column":1}},"line":84}},"branchMap":{"0":{"loc":{"start":{"line":2,"column":22},"end":{"line":4,"column":1}},"type":"binary-expr","locations":[{"start":{"line":2,"column":23},"end":{"line":2,"column":27}},{"start":{"line":2,"column":31},"end":{"line":2,"column":51}},{"start":{"line":2,"column":56},"end":{"line":4,"column":1}}],"line":2},"1":{"loc":{"start":{"line":3,"column":11},"end":{"line":3,"column":61}},"type":"cond-expr","locations":[{"start":{"line":3,"column":37},"end":{"line":3,"column":40}},{"start":{"line":3,"column":43},"end":{"line":3,"column":61}}],"line":3},"2":{"loc":{"start":{"line":3,"column":12},"end":{"line":3,"column":33}},"type":"binary-expr","locations":[{"start":{"line":3,"column":12},"end":{"line":3,"column":15}},{"start":{"line":3,"column":19},"end":{"line":3,"column":33}}],"line":3},"3":{"loc":{"start":{"line":30,"column":11},"end":{"line":30,"column":68}},"type":"cond-expr","locations":[{"start":{"line":30,"column":46},"end":{"line":30,"column":56}},{"start":{"line":30,"column":59},"end":{"line":30,"column":68}}],"line":30},"4":{"loc":{"start":{"line":65,"column":11},"end":{"line":65,"column":73}},"type":"binary-expr","locations":[{"start":{"line":65,"column":11},"end":{"line":65,"column":34}},{"start":{"line":65,"column":38},"end":{"line":65,"column":50}},{"start":{"line":65,"column":54},"end":{"line":65,"column":73}}],"line":65},"5":{"loc":{"start":{"line":85,"column":4},"end":{"line":85,"column":60}},"type":"if","locations":[{"start":{"line":85,"column":4},"end":{"line":85,"column":60}},{"start":{"line":85,"column":4},"end":{"line":85,"column":60}}],"line":85}},"s":{"0":1,"1":1,"2":1,"3":1,"4":1,"5":1,"6":0,"7":1,"8":11,"9":1,"10":11,"11":1,"12":5,"13":1,"14":11,"15":1,"16":0,"17":1,"18":2,"19":0,"20":1,"21":0,"22":1,"23":0,"24":1,"25":2,"26":1,"27":1,"28":1,"29":40,"30":1,"31":0,"32":1,"33":0,"34":1,"35":14,"36":14,"37":14,"38":28,"39":14,"40":1,"41":11,"42":11,"43":11,"44":22,"45":11,"46":1,"47":0,"48":0,"49":0,"50":1},"f":{"0":1,"1":0,"2":11,"3":11,"4":5,"5":11,"6":0,"7":2,"8":0,"9":0,"10":0,"11":2,"12":1,"13":40,"14":0,"15":0,"16":14,"17":11,"18":0},"b":{"0":[1,1,1],"1":[0,1],"2":[1,1],"3":[0,0],"4":[0,0,0],"5":[0,0]},"inputSourceMap":{"version":3,"file":"C:/Users/Administrator/Desktop/axios-sugar/src/core/utils.ts","sources":["C:/Users/Administrator/Desktop/axios-sugar/src/core/utils.ts"],"names":[],"mappings":";;;;;;AAAA,yCAGyB;AACzB,wDAAmC;AAEnC,SAAgB,UAAU,CAAE,GAAW;IACrC,OAAO,GAAG,CAAC,SAAS,CAAC,CAAC,EAAE,CAAC,CAAC,CAAC,WAAW,EAAE,GAAG,GAAG,CAAC,SAAS,CAAC,CAAC,CAAC,CAAC;AAC9D,CAAC;AAFD,gCAEC;AAED,SAAgB,KAAK,CAAE,KAAU;IAC/B,OAAO,OAAO,KAAK,KAAK,WAAW,CAAC;AACtC,CAAC;AAFD,sBAEC;AAED,SAAgB,KAAK,CAAE,KAAU;IAC/B,OAAO,OAAO,KAAK,KAAK,QAAQ,CAAC;AACnC,CAAC;AAFD,sBAEC;AAED,SAAgB,OAAO,CAAE,KAAK;IAC5B,OAAO,KAAK,YAAY,KAAK,CAAC;AAChC,CAAC;AAFD,0BAEC;AAED,SAAgB,aAAa,CAAE,CAAS,EAAE,CAAS;IACjD,OAAO,CAAC,GAAG,CAAC,CAAC;AACf,CAAC;AAFD,sCAEC;AAED,SAAgB,QAAQ,CAAoB,SAAY,EAAE,UAAa;IACrE,OAAO,OAAO,SAAS,KAAK,WAAW,CAAC,CAAC,CAAC,UAAU,CAAC,CAAC,CAAC,SAAS,CAAC;AACnE,CAAC;AAFD,4BAEC;AAED,SAAS,aAAa,CAAE,GAAW;IACjC,OAAO,oBAAkB,GAAG,MAAG,CAAC;AAClC,CAAC;AAED,SAAgB,GAAG,CAAE,GAAW;IAC9B,OAAO,CAAC,GAAG,CAAC,aAAa,CAAC,GAAG,CAAC,CAAC,CAAC;AAClC,CAAC;AAFD,kBAEC;AAED,SAAgB,IAAI,CAAE,GAAW;IAC/B,OAAO,CAAC,IAAI,CAAC,aAAa,CAAC,GAAG,CAAC,CAAC,CAAC;AACnC,CAAC;AAFD,oBAEC;AAED,SAAgB,KAAK,CAAE,GAAW;IAChC,OAAO,CAAC,KAAK,CAAC,aAAa,CAAC,GAAG,CAAC,CAAC,CAAC;AACpC,CAAC;AAFD,sBAEC;AAED,SAAgB,UAAU,CAAE,GAAW;IACrC,MAAM,IAAI,KAAK,CAAC,aAAa,CAAC,GAAG,CAAC,CAAC,CAAC;AACtC,CAAC;AAFD,gCAEC;AAED,SAAgB,KAAK;IACnB,OAAO,OAAO,CAAC,GAAG,CAAC,QAAQ,KAAK,aAAa,CAAC;AAChD,CAAC;AAFD,sBAEC;AAED,SAAgB,IAAI,CAAE,GAAG;IACvB,OAAO,OAAO,GAAG,KAAK,UAAU,CAAC;AACnC,CAAC;AAFD,oBAEC;AAED,SAAgB,KAAK,CAAE,GAAG;IACxB,OAAO,OAAO,GAAG,KAAK,QAAQ,CAAC;AACjC,CAAC;AAFD,sBAEC;AAED,SAAgB,aAAa,CAAE,GAAG;IAChC,OAAO,OAAO,GAAG,KAAK,QAAQ,IAAI,GAAG,KAAK,IAAI,IAAI,CAAC,KAAK,CAAC,OAAO,CAAC,GAAG,CAAC,CAAC;AACxE,CAAC;AAFD,sCAEC;AAED,SAAgB,SAAS;IAAE,cAAO;SAAP,UAAO,EAAP,qBAAO,EAAP,IAAO;QAAP,yBAAO;;IAChC,OAAO,iBAAW,CAAC,KAAK,CAAC,IAAI,EAAE,IAAI,CAAC,CAAC;AACvC,CAAC;AAFD,8BAEC;AAED,SAAgB,KAAK;IAAE,cAAO;SAAP,UAAO,EAAP,qBAAO,EAAP,IAAO;QAAP,yBAAO;;IAC5B,OAAO,aAAO,CAAC,KAAK,CAAC,IAAI,EAAE,IAAI,CAAC,CAAC;AACnC,CAAC;AAFD,sBAEC;AAMD,SAAgB,QAAQ,CAAE,OAAwC;IAAxC,wBAAA,EAAA,YAA0B,OAAO,EAAE,IAAI,EAAC;IAChE,OAAO,mBAAU,CAAC;QAChB,OAAO,EAAE,OAAO,CAAC,OAAO;KACzB,CAAC,CAAC;AACL,CAAC;AAJD,4BAIC","sourcesContent":["import {\r\n  deepMerge as deepMergeFn,\r\n  merge as mergeFn\r\n} from 'axios/lib/utils';\r\nimport isOnlineFn from 'is-online';\r\n\r\nexport function capitalize (str: string): string {\r\n  return str.substring(0, 1).toUpperCase() + str.substring(1);\r\n}\r\n\r\nexport function isDef (value: any): boolean {\r\n  return typeof value !== 'undefined';\r\n}\r\n\r\nexport function isStr (value: any): boolean {\r\n  return typeof value === 'string';\r\n}\r\n\r\nexport function isError (value) {\r\n  return value instanceof Error;\r\n}\r\n\r\nexport function getDurationMS (a: number, b: number): number {\r\n  return a - b;\r\n}\r\n\r\nexport function notUndef<T = any, D = any> (targetVal: T, defaultVal: D): T | D {\r\n  return typeof targetVal === 'undefined' ? defaultVal : targetVal;\r\n}\r\n\r\nfunction customMessage (msg: string) {\r\n  return `[axios-sugar]: ${msg}.`;\r\n}\r\n\r\nexport function log (msg: string) {\r\n  console.log(customMessage(msg));\r\n}\r\n\r\nexport function warn (msg: string) {\r\n  console.warn(customMessage(msg));\r\n}\r\n\r\nexport function error (msg: string) {\r\n  console.error(customMessage(msg));\r\n}\r\n\r\nexport function throwError (msg: string) {\r\n  throw new Error(customMessage(msg));\r\n}\r\n\r\nexport function isDev () {\r\n  return process.env.NODE_ENV === 'development';\r\n}\r\n\r\nexport function isFn (val) {\r\n  return typeof val === 'function';\r\n}\r\n\r\nexport function isNum (val) {\r\n  return typeof val === 'number';\r\n}\r\n\r\nexport function isPlainObject (val) {\r\n  return typeof val === 'object' && val !== null && !Array.isArray(val);\r\n}\r\n\r\nexport function deepMerge (...args) {\r\n  return deepMergeFn.apply(null, args);\r\n}\r\n\r\nexport function merge (...args) {\r\n  return mergeFn.apply(null, args);\r\n}\r\n\r\ninterface onlineOptions {\r\n  timeout?: number\r\n}\r\n\r\nexport function isOnline (options: onlineOptions = {timeout: 5000}) {\r\n  return isOnlineFn({\r\n    timeout: options.timeout\r\n  });\r\n}\r\n"]},"_coverageSchema":"1a1c01bbd47fc00a2c39e90264f33305004495a9","hash":"a91c07adce8d62e26dc825f04b8756096f96b2b5","contentHash":"3a8c7d29f085f769776cc523a12b5375a5dbf0a1da69c7b220e4f1d0c94ec8df"},"C:\\Users\\Administrator\\Desktop\\axios-sugar\\src\\core\\AxiosSugarInterceptorManager.ts":{"path":"C:\\Users\\Administrator\\Desktop\\axios-sugar\\src\\core\\AxiosSugarInterceptorManager.ts","statementMap":{"0":{"start":{"line":2,"column":0},"end":{"line":2,"column":62}},"1":{"start":{"line":3,"column":0},"end":{"line":3,"column":46}},"2":{"start":{"line":4,"column":36},"end":{"line":28,"column":3}},"3":{"start":{"line":6,"column":8},"end":{"line":6,"column":27}},"4":{"start":{"line":8,"column":4},"end":{"line":14,"column":6}},"5":{"start":{"line":9,"column":8},"end":{"line":12,"column":11}},"6":{"start":{"line":13,"column":8},"end":{"line":13,"column":40}},"7":{"start":{"line":15,"column":4},"end":{"line":19,"column":6}},"8":{"start":{"line":16,"column":8},"end":{"line":18,"column":9}},"9":{"start":{"line":17,"column":12},"end":{"line":17,"column":36}},"10":{"start":{"line":20,"column":4},"end":{"line":26,"column":6}},"11":{"start":{"line":21,"column":8},"end":{"line":25,"column":11}},"12":{"start":{"line":22,"column":12},"end":{"line":24,"column":13}},"13":{"start":{"line":23,"column":16},"end":{"line":23,"column":28}},"14":{"start":{"line":27,"column":4},"end":{"line":27,"column":40}},"15":{"start":{"line":29,"column":0},"end":{"line":29,"column":68}}},"fnMap":{"0":{"name":"(anonymous_0)","decl":{"start":{"line":4,"column":36},"end":{"line":4,"column":37}},"loc":{"start":{"line":4,"column":48},"end":{"line":28,"column":1}},"line":4},"1":{"name":"AxiosSugarInterceptorManager","decl":{"start":{"line":5,"column":13},"end":{"line":5,"column":41}},"loc":{"start":{"line":5,"column":44},"end":{"line":7,"column":5}},"line":5},"2":{"name":"(anonymous_2)","decl":{"start":{"line":8,"column":49},"end":{"line":8,"column":50}},"loc":{"start":{"line":8,"column":80},"end":{"line":14,"column":5}},"line":8},"3":{"name":"(anonymous_3)","decl":{"start":{"line":15,"column":51},"end":{"line":15,"column":52}},"loc":{"start":{"line":15,"column":64},"end":{"line":19,"column":5}},"line":15},"4":{"name":"(anonymous_4)","decl":{"start":{"line":20,"column":50},"end":{"line":20,"column":51}},"loc":{"start":{"line":20,"column":64},"end":{"line":26,"column":5}},"line":20},"5":{"name":"(anonymous_5)","decl":{"start":{"line":21,"column":30},"end":{"line":21,"column":31}},"loc":{"start":{"line":21,"column":49},"end":{"line":25,"column":9}},"line":21}},"branchMap":{"0":{"loc":{"start":{"line":16,"column":8},"end":{"line":18,"column":9}},"type":"if","locations":[{"start":{"line":16,"column":8},"end":{"line":18,"column":9}},{"start":{"line":16,"column":8},"end":{"line":18,"column":9}}],"line":16},"1":{"loc":{"start":{"line":22,"column":12},"end":{"line":24,"column":13}},"type":"if","locations":[{"start":{"line":22,"column":12},"end":{"line":24,"column":13}},{"start":{"line":22,"column":12},"end":{"line":24,"column":13}}],"line":22}},"s":{"0":1,"1":1,"2":1,"3":14,"4":1,"5":14,"6":14,"7":1,"8":0,"9":0,"10":1,"11":22,"12":22,"13":22,"14":1,"15":1},"f":{"0":1,"1":14,"2":14,"3":0,"4":22,"5":22},"b":{"0":[0,0],"1":[22,0]},"inputSourceMap":{"version":3,"file":"C:/Users/Administrator/Desktop/axios-sugar/src/core/AxiosSugarInterceptorManager.ts","sources":["C:/Users/Administrator/Desktop/axios-sugar/src/core/AxiosSugarInterceptorManager.ts"],"names":[],"mappings":";;;AAMA;IAEE;QACE,IAAI,CAAC,QAAQ,GAAG,EAAE,CAAC;IACrB,CAAC;IAED,0CAAG,GAAH,UAAK,SAAmB,EAAE,QAAkB;QAC1C,IAAI,CAAC,QAAQ,CAAC,IAAI,CAAC;YACjB,SAAS,WAAA;YACT,QAAQ,UAAA;SACT,CAAC,CAAC;QAEH,OAAO,IAAI,CAAC,QAAQ,CAAC,MAAM,GAAG,CAAC,CAAC;IAClC,CAAC;IAED,4CAAK,GAAL,UAAO,CAAS;QACd,IAAI,IAAI,CAAC,QAAQ,CAAC,CAAC,CAAC,EAAE;YACpB,IAAI,CAAC,QAAQ,CAAC,CAAC,CAAC,GAAG,IAAI,CAAA;SACxB;IACH,CAAC;IAED,2CAAI,GAAJ,UAAM,EAAY;QAChB,IAAI,CAAC,QAAQ,CAAC,OAAO,CAAC,UAAC,OAAuB;YAC5C,IAAI,OAAO,KAAK,IAAI,EAAE;gBACpB,EAAE,CAAC,OAAO,CAAC,CAAA;aACZ;QACH,CAAC,CAAC,CAAA;IACJ,CAAC;IACH,mCAAC;AAAD,CAAC,AA5BD,IA4BC;AA5BY,oEAA4B","sourcesContent":["\r\ninterface ManagerHandler {\r\n  fulfilled: Function;\r\n  rejected: Function;\r\n}\r\n\r\nexport class AxiosSugarInterceptorManager {\r\n  private handlers: Array<ManagerHandler>;\r\n  constructor () {\r\n    this.handlers = [];\r\n  }\r\n\r\n  use (fulfilled: Function, rejected: Function) {\r\n    this.handlers.push({\r\n      fulfilled,\r\n      rejected\r\n    });\r\n\r\n    return this.handlers.length - 1;\r\n  }\r\n\r\n  eject (i: number) {\r\n    if (this.handlers[i]) {\r\n      this.handlers[i] = null\r\n    }\r\n  }\r\n\r\n  each (fn: Function) {\r\n    this.handlers.forEach((handler: ManagerHandler) => {\r\n      if (handler !== null) {\r\n        fn(handler)\r\n      }\r\n    })\r\n  }\r\n}"]},"_coverageSchema":"1a1c01bbd47fc00a2c39e90264f33305004495a9","hash":"e86b6183d6f97bc7cf51a54cd9c4b16b034af225","contentHash":"ecd0844b3aa47501b27c6b564c6c486fc8e2fdc01884d995558df669a8abec72"},"C:\\Users\\Administrator\\Desktop\\axios-sugar\\src\\core\\dispatchRequest.ts":{"path":"C:\\Users\\Administrator\\Desktop\\axios-sugar\\src\\core\\dispatchRequest.ts","statementMap":{"0":{"start":{"line":2,"column":16},"end":{"line":14,"column":4}},"1":{"start":{"line":3,"column":24},"end":{"line":8,"column":5}},"2":{"start":{"line":4,"column":8},"end":{"line":6,"column":87}},"3":{"start":{"line":5,"column":69},"end":{"line":5,"column":85}},"4":{"start":{"line":6,"column":30},"end":{"line":6,"column":84}},"5":{"start":{"line":6,"column":47},"end":{"line":6,"column":84}},"6":{"start":{"line":6,"column":72},"end":{"line":6,"column":84}},"7":{"start":{"line":7,"column":8},"end":{"line":7,"column":35}},"8":{"start":{"line":9,"column":4},"end":{"line":13,"column":6}},"9":{"start":{"line":10,"column":8},"end":{"line":10,"column":28}},"10":{"start":{"line":11,"column":24},"end":{"line":11,"column":45}},"11":{"start":{"line":12,"column":8},"end":{"line":12,"column":93}},"12":{"start":{"line":15,"column":22},"end":{"line":17,"column":1}},"13":{"start":{"line":16,"column":4},"end":{"line":16,"column":62}},"14":{"start":{"line":18,"column":0},"end":{"line":18,"column":62}},"15":{"start":{"line":19,"column":0},"end":{"line":19,"column":37}},"16":{"start":{"line":20,"column":16},"end":{"line":20,"column":53}},"17":{"start":{"line":21,"column":27},"end":{"line":47,"column":8}},"18":{"start":{"line":22,"column":4},"end":{"line":22,"column":43}},"19":{"start":{"line":24,"column":25},"end":{"line":24,"column":41}},"20":{"start":{"line":25,"column":20},"end":{"line":25,"column":61}},"21":{"start":{"line":26,"column":8},"end":{"line":26,"column":37}},"22":{"start":{"line":27,"column":8},"end":{"line":29,"column":9}},"23":{"start":{"line":28,"column":12},"end":{"line":28,"column":57}},"24":{"start":{"line":30,"column":8},"end":{"line":35,"column":9}},"25":{"start":{"line":31,"column":12},"end":{"line":31,"column":63}},"26":{"start":{"line":34,"column":12},"end":{"line":34,"column":51}},"27":{"start":{"line":36,"column":8},"end":{"line":36,"column":30}},"28":{"start":{"line":37,"column":8},"end":{"line":37,"column":35}},"29":{"start":{"line":38,"column":8},"end":{"line":38,"column":35}},"30":{"start":{"line":39,"column":8},"end":{"line":39,"column":35}},"31":{"start":{"line":40,"column":8},"end":{"line":40,"column":35}},"32":{"start":{"line":41,"column":8},"end":{"line":41,"column":47}},"33":{"start":{"line":42,"column":8},"end":{"line":42,"column":49}},"34":{"start":{"line":43,"column":8},"end":{"line":43,"column":39}},"35":{"start":{"line":44,"column":8},"end":{"line":44,"column":21}},"36":{"start":{"line":46,"column":4},"end":{"line":46,"column":31}},"37":{"start":{"line":48,"column":0},"end":{"line":48,"column":50}},"38":{"start":{"line":50,"column":16},"end":{"line":50,"column":79}},"39":{"start":{"line":51,"column":4},"end":{"line":51,"column":46}},"40":{"start":{"line":52,"column":4},"end":{"line":77,"column":5}},"41":{"start":{"line":53,"column":8},"end":{"line":60,"column":11}},"42":{"start":{"line":63,"column":8},"end":{"line":76,"column":11}},"43":{"start":{"line":64,"column":12},"end":{"line":64,"column":55}},"44":{"start":{"line":65,"column":12},"end":{"line":71,"column":14}},"45":{"start":{"line":73,"column":12},"end":{"line":73,"column":55}},"46":{"start":{"line":74,"column":24},"end":{"line":74,"column":63}},"47":{"start":{"line":75,"column":12},"end":{"line":75,"column":41}},"48":{"start":{"line":79,"column":0},"end":{"line":79,"column":28}}},"fnMap":{"0":{"name":"(anonymous_0)","decl":{"start":{"line":2,"column":45},"end":{"line":2,"column":46}},"loc":{"start":{"line":2,"column":57},"end":{"line":14,"column":1}},"line":2},"1":{"name":"(anonymous_1)","decl":{"start":{"line":3,"column":24},"end":{"line":3,"column":25}},"loc":{"start":{"line":3,"column":40},"end":{"line":8,"column":5}},"line":3},"2":{"name":"(anonymous_2)","decl":{"start":{"line":5,"column":51},"end":{"line":5,"column":52}},"loc":{"start":{"line":5,"column":67},"end":{"line":5,"column":87}},"line":5},"3":{"name":"(anonymous_3)","decl":{"start":{"line":6,"column":12},"end":{"line":6,"column":13}},"loc":{"start":{"line":6,"column":28},"end":{"line":6,"column":86}},"line":6},"4":{"name":"(anonymous_4)","decl":{"start":{"line":9,"column":11},"end":{"line":9,"column":12}},"loc":{"start":{"line":9,"column":27},"end":{"line":13,"column":5}},"line":9},"5":{"name":"__","decl":{"start":{"line":11,"column":17},"end":{"line":11,"column":19}},"loc":{"start":{"line":11,"column":22},"end":{"line":11,"column":47}},"line":11},"6":{"name":"(anonymous_6)","decl":{"start":{"line":15,"column":56},"end":{"line":15,"column":57}},"loc":{"start":{"line":15,"column":71},"end":{"line":17,"column":1}},"line":15},"7":{"name":"(anonymous_7)","decl":{"start":{"line":21,"column":27},"end":{"line":21,"column":28}},"loc":{"start":{"line":21,"column":45},"end":{"line":47,"column":1}},"line":21},"8":{"name":"MiddleResponseError","decl":{"start":{"line":23,"column":13},"end":{"line":23,"column":32}},"loc":{"start":{"line":23,"column":49},"end":{"line":45,"column":5}},"line":23},"9":{"name":"default_1","decl":{"start":{"line":49,"column":9},"end":{"line":49,"column":18}},"loc":{"start":{"line":49,"column":27},"end":{"line":78,"column":1}},"line":49},"10":{"name":"(anonymous_10)","decl":{"start":{"line":63,"column":53},"end":{"line":63,"column":54}},"loc":{"start":{"line":63,"column":73},"end":{"line":72,"column":9}},"line":63},"11":{"name":"(anonymous_11)","decl":{"start":{"line":72,"column":11},"end":{"line":72,"column":12}},"loc":{"start":{"line":72,"column":29},"end":{"line":76,"column":9}},"line":72}},"branchMap":{"0":{"loc":{"start":{"line":2,"column":16},"end":{"line":14,"column":4}},"type":"binary-expr","locations":[{"start":{"line":2,"column":17},"end":{"line":2,"column":21}},{"start":{"line":2,"column":25},"end":{"line":2,"column":39}},{"start":{"line":2,"column":44},"end":{"line":14,"column":4}}],"line":2},"1":{"loc":{"start":{"line":4,"column":24},"end":{"line":6,"column":86}},"type":"binary-expr","locations":[{"start":{"line":4,"column":24},"end":{"line":4,"column":45}},{"start":{"line":5,"column":13},"end":{"line":5,"column":47}},{"start":{"line":5,"column":51},"end":{"line":5,"column":87}},{"start":{"line":6,"column":12},"end":{"line":6,"column":86}}],"line":4},"2":{"loc":{"start":{"line":6,"column":47},"end":{"line":6,"column":84}},"type":"if","locations":[{"start":{"line":6,"column":47},"end":{"line":6,"column":84}},{"start":{"line":6,"column":47},"end":{"line":6,"column":84}}],"line":6},"3":{"loc":{"start":{"line":12,"column":22},"end":{"line":12,"column":92}},"type":"cond-expr","locations":[{"start":{"line":12,"column":35},"end":{"line":12,"column":51}},{"start":{"line":12,"column":55},"end":{"line":12,"column":91}}],"line":12},"4":{"loc":{"start":{"line":15,"column":22},"end":{"line":17,"column":1}},"type":"binary-expr","locations":[{"start":{"line":15,"column":23},"end":{"line":15,"column":27}},{"start":{"line":15,"column":31},"end":{"line":15,"column":51}},{"start":{"line":15,"column":56},"end":{"line":17,"column":1}}],"line":15},"5":{"loc":{"start":{"line":16,"column":11},"end":{"line":16,"column":61}},"type":"cond-expr","locations":[{"start":{"line":16,"column":37},"end":{"line":16,"column":40}},{"start":{"line":16,"column":43},"end":{"line":16,"column":61}}],"line":16},"6":{"loc":{"start":{"line":16,"column":12},"end":{"line":16,"column":33}},"type":"binary-expr","locations":[{"start":{"line":16,"column":12},"end":{"line":16,"column":15}},{"start":{"line":16,"column":19},"end":{"line":16,"column":33}}],"line":16},"7":{"loc":{"start":{"line":25,"column":20},"end":{"line":25,"column":61}},"type":"binary-expr","locations":[{"start":{"line":25,"column":20},"end":{"line":25,"column":53}},{"start":{"line":25,"column":57},"end":{"line":25,"column":61}}],"line":25},"8":{"loc":{"start":{"line":27,"column":8},"end":{"line":29,"column":9}},"type":"if","locations":[{"start":{"line":27,"column":8},"end":{"line":29,"column":9}},{"start":{"line":27,"column":8},"end":{"line":29,"column":9}}],"line":27},"9":{"loc":{"start":{"line":30,"column":8},"end":{"line":35,"column":9}},"type":"if","locations":[{"start":{"line":30,"column":8},"end":{"line":35,"column":9}},{"start":{"line":30,"column":8},"end":{"line":35,"column":9}}],"line":30},"10":{"loc":{"start":{"line":50,"column":16},"end":{"line":50,"column":79}},"type":"cond-expr","locations":[{"start":{"line":50,"column":43},"end":{"line":50,"column":72}},{"start":{"line":50,"column":75},"end":{"line":50,"column":79}}],"line":50},"11":{"loc":{"start":{"line":52,"column":4},"end":{"line":77,"column":5}},"type":"if","locations":[{"start":{"line":52,"column":4},"end":{"line":77,"column":5}},{"start":{"line":52,"column":4},"end":{"line":77,"column":5}}],"line":52}},"s":{"0":1,"1":1,"2":1,"3":0,"4":0,"5":0,"6":0,"7":1,"8":1,"9":1,"10":1,"11":1,"12":1,"13":1,"14":1,"15":1,"16":1,"17":1,"18":1,"19":3,"20":3,"21":3,"22":3,"23":3,"24":3,"25":3,"26":0,"27":3,"28":3,"29":3,"30":3,"31":3,"32":3,"33":3,"34":3,"35":3,"36":1,"37":1,"38":9,"39":9,"40":9,"41":0,"42":9,"43":6,"44":6,"45":3,"46":3,"47":3,"48":1},"f":{"0":1,"1":1,"2":0,"3":0,"4":1,"5":1,"6":1,"7":1,"8":3,"9":9,"10":6,"11":3},"b":{"0":[1,1,1],"1":[1,0,0,0],"2":[0,0],"3":[0,1],"4":[1,1,1],"5":[1,0],"6":[1,1],"7":[3,0],"8":[3,0],"9":[3,0],"10":[1,8],"11":[0,9]},"inputSourceMap":{"version":3,"file":"C:/Users/Administrator/Desktop/axios-sugar/src/core/dispatchRequest.ts","sources":["C:/Users/Administrator/Desktop/axios-sugar/src/core/dispatchRequest.ts"],"names":[],"mappings":";;;;;;;;;;;;;;;;;;;AAEA,sDAAgC;AAuBhC;IAAyC,uCAAK;IAY5C,6BAAa,MAAM,EAAE,MAAM;;QAA3B,YACE,kBAAM,MAAM,CAAC,OAAO,CAAC,SAkBtB;QAjBC,KAAI,CAAC,IAAI,GAAG,WAAW,IAAI,CAAC;QAC5B,IAAI,OAAQ,KAAa,CAAC,iBAAiB,KAAK,UAAU,EAAE;YACzD,KAAa,CAAC,iBAAiB,CAAC,KAAI,EAAE,YAAU,CAAC,CAAC;SACpD;QACD,IAAI,OAAO,MAAM,CAAC,cAAc,KAAK,UAAU,EAAE;YAC/C,MAAM,CAAC,cAAc,CAAC,KAAI,EAAE,WAAW,SAAS,CAAC,CAAC;SACnD;aAAM;YACJ,KAAY,CAAC,SAAS,GAAG,WAAW,SAAS,CAAC;SAChD;QACD,KAAI,CAAC,MAAM,GAAG,MAAM,CAAC;QACrB,KAAI,CAAC,KAAK,GAAG,MAAM,CAAC,KAAK,CAAC;QAC1B,KAAI,CAAC,KAAK,GAAG,MAAM,CAAC,KAAK,CAAC;QAC1B,KAAI,CAAC,KAAK,GAAG,MAAM,CAAC,KAAK,CAAC;QAC1B,KAAI,CAAC,KAAK,GAAG,MAAM,CAAC,KAAK,CAAC;QAC1B,KAAI,CAAC,WAAW,GAAG,MAAM,CAAC,WAAW,CAAC;QACtC,KAAI,CAAC,YAAY,GAAG,MAAM,CAAC,YAAY,CAAC;QACxC,KAAI,CAAC,iBAAiB,GAAG,IAAI,CAAC;;IAChC,CAAC;IACH,0BAAC;AAAD,CAAC,AAhCD,CAAyC,KAAK,GAgC7C;AAhCY,kDAAmB;AAkChC,mBACE,MAA2B;IAE3B,IAAM,KAAK,GAAG,MAAM,CAAC,KAAK,CAAC,IAAI,CAAC,MAAM,CAAC,CAAC,CAAC,iBAAO,CAAC,GAAG,CAAC,MAAM,CAAC,CAAC,CAAC,CAAC,IAAI,CAAC;IACpE,MAAM,CAAC,WAAW,GAAG,IAAI,IAAI,EAAE,CAAC,OAAO,EAAE,CAAC;IAE1C,IAAI,KAAK,KAAK,IAAI,EAAE;QAClB,OAAO,OAAO,CAAC,OAAO,CAAC;YACrB,QAAQ,EAAE,KAAK,CAAC,QAAQ;YACxB,KAAK,EAAE,MAAM,CAAC,KAAK;YACnB,KAAK,EAAE,MAAM,CAAC,KAAK;YACnB,WAAW,EAAE,MAAM,CAAC,WAAW;YAC/B,SAAS,EAAE,KAAK,CAAC,IAAI;YACrB,YAAY,EAAE,IAAI,IAAI,EAAE,CAAC,OAAO,EAAE;SACnC,CAAC,CAAA;KACH;SAAM;QACL,OAAO,IAAI,CAAC,KAAK,CAAC,OAAO,CAAC,MAAM,CAAC,KAAK,CAAC,CAAC,IAAI,CAAC,UAAC,QAAQ;YACpD,MAAM,CAAC,YAAY,GAAG,IAAI,IAAI,EAAE,CAAC,OAAO,EAAE,CAAC;YAE3C,OAAO;gBACL,QAAQ,UAAA;gBACR,KAAK,EAAE,MAAM,CAAC,KAAK;gBACnB,KAAK,EAAE,MAAM,CAAC,KAAK;gBACnB,WAAW,EAAE,MAAM,CAAC,WAAW;gBAC/B,YAAY,EAAE,MAAM,CAAC,YAAY;aAClC,CAAA;QACH,CAAC,EAAE,UAAC,MAAM;YACR,MAAM,CAAC,YAAY,GAAG,IAAI,IAAI,EAAE,CAAC,OAAO,EAAE,CAAC;YAE3C,IAAM,KAAK,GAAG,IAAI,mBAAmB,CAAC,MAAM,EAAE,MAAM,CAAC,CAAC;YAEtD,OAAO,OAAO,CAAC,MAAM,CAAC,KAAK,CAAC,CAAC;QAC/B,CAAC,CAAC,CAAC;KACJ;AACH,CAAC;AAlCD,4BAkCC","sourcesContent":["import { AxiosRequestConfig, AxiosError, AxiosResponse } from 'axios/index';\r\nimport { AxiosSugarConfig } from '../defaults';\r\nimport storage from './storage';\r\n\r\nexport interface MiddleRequestConfig {\r\n  axios: AxiosRequestConfig;\r\n  sugar: AxiosSugarConfig;\r\n  index: number;\r\n  count?: number;\r\n  cancelDisabled?: Boolean;\r\n  sendingTime: number;\r\n  cacheTime?: number;\r\n  completeTime: number;\r\n}\r\n\r\nexport interface MiddleResponseConfig {\r\n  completeTime: number;\r\n  response: AxiosResponse;\r\n  sugar: AxiosSugarConfig;\r\n  index: number;\r\n  count?: number;\r\n  sendingTime: number;\r\n  cacheTime?: number;\r\n}\r\n\r\nexport class MiddleResponseError extends Error {\r\n  reason: AxiosError | Error;\r\n  axios: AxiosRequestConfig;\r\n  sugar: AxiosSugarConfig;\r\n  index: number;\r\n  count?: number;\r\n  sendingTime: number;\r\n  completeTime: number;\r\n  cacheTime?: number;\r\n  isAxiosSugarError: Boolean;\r\n  name: string;\r\n\r\n  constructor (reason, config) {\r\n    super(reason.message);\r\n    this.name = new.target.name;\r\n    if (typeof (Error as any).captureStackTrace === 'function') {\r\n      (Error as any).captureStackTrace(this, new.target);\r\n    }\r\n    if (typeof Object.setPrototypeOf === 'function') {\r\n      Object.setPrototypeOf(this, new.target.prototype);\r\n    } else {\r\n      (this as any).__proto__ = new.target.prototype;\r\n    }\r\n    this.reason = reason;\r\n    this.axios = config.axios;\r\n    this.index = config.index;\r\n    this.sugar = config.sugar;\r\n    this.count = config.count;\r\n    this.sendingTime = config.sendingTime;\r\n    this.completeTime = config.completeTime;\r\n    this.isAxiosSugarError = true;\r\n  }\r\n}\r\n\r\nexport default function (\r\n  config: MiddleRequestConfig\r\n): Promise<MiddleResponseConfig | MiddleResponseError> {\r\n  const cache = config.sugar.save.enable ? storage.get(config) : null;\r\n  config.sendingTime = new Date().getTime();\r\n\r\n  if (cache !== null) {\r\n    return Promise.resolve({\r\n      response: cache.response,\r\n      sugar: config.sugar,\r\n      index: config.index,\r\n      sendingTime: config.sendingTime,\r\n      cacheTime: cache.time,\r\n      completeTime: new Date().getTime()\r\n    })\r\n  } else {\r\n    return this.axios.request(config.axios).then((response) => {\r\n      config.completeTime = new Date().getTime();\r\n\r\n      return {\r\n        response,\r\n        sugar: config.sugar,\r\n        index: config.index,\r\n        sendingTime: config.sendingTime,\r\n        completeTime: config.completeTime\r\n      }\r\n    }, (reason) => {\r\n      config.completeTime = new Date().getTime();\r\n\r\n      const error = new MiddleResponseError(reason, config);\r\n\r\n      return Promise.reject(error);\r\n    });\r\n  }\r\n}\r\n"]},"_coverageSchema":"1a1c01bbd47fc00a2c39e90264f33305004495a9","hash":"65695a4f3658e048b07f8d60cca2dbbc38ce6196","contentHash":"41a29b0aeeca2d79df79760aefec2820d8ede7f274ff2306d7df3b1c8e6fa0de"},"C:\\Users\\Administrator\\Desktop\\axios-sugar\\src\\core\\storage.ts":{"path":"C:\\Users\\Administrator\\Desktop\\axios-sugar\\src\\core\\storage.ts","statementMap":{"0":{"start":{"line":2,"column":22},"end":{"line":4,"column":1}},"1":{"start":{"line":3,"column":4},"end":{"line":3,"column":62}},"2":{"start":{"line":5,"column":0},"end":{"line":5,"column":62}},"3":{"start":{"line":6,"column":19},"end":{"line":6,"column":59}},"4":{"start":{"line":7,"column":0},"end":{"line":34,"column":2}},"5":{"start":{"line":9,"column":19},"end":{"line":9,"column":36}},"6":{"start":{"line":10,"column":8},"end":{"line":16,"column":9}},"7":{"start":{"line":11,"column":26},"end":{"line":11,"column":38}},"8":{"start":{"line":12,"column":22},"end":{"line":12,"column":61}},"9":{"start":{"line":13,"column":12},"end":{"line":15,"column":13}},"10":{"start":{"line":14,"column":16},"end":{"line":14,"column":40}},"11":{"start":{"line":17,"column":8},"end":{"line":17,"column":20}},"12":{"start":{"line":20,"column":19},"end":{"line":20,"column":36}},"13":{"start":{"line":21,"column":8},"end":{"line":31,"column":9}},"14":{"start":{"line":22,"column":26},"end":{"line":22,"column":38}},"15":{"start":{"line":23,"column":22},"end":{"line":23,"column":61}},"16":{"start":{"line":24,"column":12},"end":{"line":30,"column":13}},"17":{"start":{"line":25,"column":16},"end":{"line":28,"column":19}},"18":{"start":{"line":29,"column":16},"end":{"line":29,"column":28}},"19":{"start":{"line":32,"column":8},"end":{"line":32,"column":21}}},"fnMap":{"0":{"name":"(anonymous_0)","decl":{"start":{"line":2,"column":56},"end":{"line":2,"column":57}},"loc":{"start":{"line":2,"column":71},"end":{"line":4,"column":1}},"line":2},"1":{"name":"(anonymous_1)","decl":{"start":{"line":8,"column":9},"end":{"line":8,"column":10}},"loc":{"start":{"line":8,"column":27},"end":{"line":18,"column":5}},"line":8},"2":{"name":"(anonymous_2)","decl":{"start":{"line":19,"column":9},"end":{"line":19,"column":10}},"loc":{"start":{"line":19,"column":27},"end":{"line":33,"column":5}},"line":19}},"branchMap":{"0":{"loc":{"start":{"line":2,"column":22},"end":{"line":4,"column":1}},"type":"binary-expr","locations":[{"start":{"line":2,"column":23},"end":{"line":2,"column":27}},{"start":{"line":2,"column":31},"end":{"line":2,"column":51}},{"start":{"line":2,"column":56},"end":{"line":4,"column":1}}],"line":2},"1":{"loc":{"start":{"line":3,"column":11},"end":{"line":3,"column":61}},"type":"cond-expr","locations":[{"start":{"line":3,"column":37},"end":{"line":3,"column":40}},{"start":{"line":3,"column":43},"end":{"line":3,"column":61}}],"line":3},"2":{"loc":{"start":{"line":3,"column":12},"end":{"line":3,"column":33}},"type":"binary-expr","locations":[{"start":{"line":3,"column":12},"end":{"line":3,"column":15}},{"start":{"line":3,"column":19},"end":{"line":3,"column":33}}],"line":3},"3":{"loc":{"start":{"line":10,"column":8},"end":{"line":16,"column":9}},"type":"if","locations":[{"start":{"line":10,"column":8},"end":{"line":16,"column":9}},{"start":{"line":10,"column":8},"end":{"line":16,"column":9}}],"line":10},"4":{"loc":{"start":{"line":13,"column":12},"end":{"line":15,"column":13}},"type":"if","locations":[{"start":{"line":13,"column":12},"end":{"line":15,"column":13}},{"start":{"line":13,"column":12},"end":{"line":15,"column":13}}],"line":13},"5":{"loc":{"start":{"line":21,"column":8},"end":{"line":31,"column":9}},"type":"if","locations":[{"start":{"line":21,"column":8},"end":{"line":31,"column":9}},{"start":{"line":21,"column":8},"end":{"line":31,"column":9}}],"line":21},"6":{"loc":{"start":{"line":24,"column":12},"end":{"line":30,"column":13}},"type":"if","locations":[{"start":{"line":24,"column":12},"end":{"line":30,"column":13}},{"start":{"line":24,"column":12},"end":{"line":30,"column":13}}],"line":24}},"s":{"0":1,"1":1,"2":1,"3":1,"4":1,"5":1,"6":1,"7":1,"8":1,"9":1,"10":1,"11":0,"12":6,"13":6,"14":1,"15":1,"16":1,"17":1,"18":1,"19":5},"f":{"0":1,"1":1,"2":6},"b":{"0":[1,1,1],"1":[1,0],"2":[1,1],"3":[1,0],"4":[1,0],"5":[1,5],"6":[1,0]},"inputSourceMap":{"version":3,"file":"C:/Users/Administrator/Desktop/axios-sugar/src/core/storage.ts","sources":["C:/Users/Administrator/Desktop/axios-sugar/src/core/storage.ts"],"names":[],"mappings":";;;;;AACA,4DAAsC;AAStC,kBAAe;IACb,GAAG,EAAH,UAAK,MAA2B;QAC9B,IAAM,IAAI,GAAG,MAAM,CAAC,KAAK,CAAC,IAAI,CAAC;QAE/B,IAAI,IAAI,CAAC,MAAM,EAAE;YACf,IAAM,OAAO,GAAG,IAAI,CAAC,OAAO,CAAC;YAC7B,IAAM,GAAG,GAAG,oBAAU,CAAC,IAAI,CAAC,MAAM,CAAC,KAAK,CAAC,CAAC;YAE1C,IAAI,GAAG,KAAK,IAAI,EAAE;gBAChB,OAAO,OAAO,CAAC,GAAG,CAAC,GAAG,CAAC,CAAC;aACzB;SACF;QAED,OAAO,IAAI,CAAC;IACd,CAAC;IACD,GAAG,EAAH,UAAK,MAA4B;QAC/B,IAAM,IAAI,GAAG,MAAM,CAAC,KAAK,CAAC,IAAI,CAAC;QAE/B,IAAI,IAAI,CAAC,MAAM,EAAE;YACf,IAAM,OAAO,GAAG,IAAI,CAAC,OAAO,CAAC;YAC7B,IAAM,GAAG,GAAG,oBAAU,CAAC,IAAI,CAAC,MAAM,CAAC,KAAK,CAAC,CAAC;YAE1C,IAAI,GAAG,KAAK,IAAI,EAAE;gBAChB,OAAO,CAAC,GAAG,CAAC,GAAG,EAAE;oBACf,QAAQ,EAAE,MAAM,CAAC,QAAQ;oBACzB,IAAI,EAAE,IAAI,IAAI,EAAE,CAAC,OAAO,EAAE;iBAC3B,CAAC,CAAC;gBACH,OAAO,IAAI,CAAC;aACb;SACF;QAED,OAAO,KAAK,CAAC;IACf,CAAC;CACF,CAAA","sourcesContent":["import { MiddleRequestConfig, MiddleResponseConfig } from './dispatchRequest';\r\nimport MiddleData from './MiddleData';\r\nimport { AxiosResponse } from 'axios/index';\r\n\r\nexport interface StorageData {\r\n  response: AxiosResponse;\r\n  time: number;\r\n  [key: string]: any;\r\n}\r\n\r\nexport default {\r\n  get (config: MiddleRequestConfig): StorageData | null {\r\n    const save = config.sugar.save;\r\n  \r\n    if (save.enable) {\r\n      const storage = save.storage;\r\n      const tag = MiddleData.tags[config.index];\r\n\r\n      if (tag !== null) {\r\n        return storage.get(tag);\r\n      }\r\n    }\r\n\r\n    return null;\r\n  },\r\n  set (config: MiddleResponseConfig): Boolean {\r\n    const save = config.sugar.save;\r\n\r\n    if (save.enable) {\r\n      const storage = save.storage;\r\n      const tag = MiddleData.tags[config.index];\r\n      // isn't cancel request\r\n      if (tag !== null) {\r\n        storage.set(tag, {\r\n          response: config.response,\r\n          time: new Date().getTime()\r\n        });\r\n        return true;\r\n      }\r\n    }\r\n\r\n    return false;\r\n  }\r\n}"]},"_coverageSchema":"1a1c01bbd47fc00a2c39e90264f33305004495a9","hash":"41c898ec79e2325a8c0696e8d6ba972df41be88a","contentHash":"da566001ef76f390971f9cb8a6640c2bbe7311721222818d0060387e2e238570"},"C:\\Users\\Administrator\\Desktop\\axios-sugar\\src\\core\\MiddleData.ts":{"path":"C:\\Users\\Administrator\\Desktop\\axios-sugar\\src\\core\\MiddleData.ts","statementMap":{"0":{"start":{"line":2,"column":0},"end":{"line":2,"column":62}},"1":{"start":{"line":3,"column":0},"end":{"line":3,"column":29}},"2":{"start":{"line":4,"column":17},"end":{"line":8,"column":1}},"3":{"start":{"line":10,"column":4},"end":{"line":10,"column":37}},"4":{"start":{"line":11,"column":4},"end":{"line":14,"column":5}},"5":{"start":{"line":12,"column":8},"end":{"line":12,"column":38}},"6":{"start":{"line":13,"column":8},"end":{"line":13,"column":41}},"7":{"start":{"line":16,"column":0},"end":{"line":16,"column":34}},"8":{"start":{"line":17,"column":0},"end":{"line":17,"column":29}}},"fnMap":{"0":{"name":"dataDestory","decl":{"start":{"line":9,"column":9},"end":{"line":9,"column":20}},"loc":{"start":{"line":9,"column":28},"end":{"line":15,"column":1}},"line":9}},"branchMap":{"0":{"loc":{"start":{"line":11,"column":4},"end":{"line":14,"column":5}},"type":"if","locations":[{"start":{"line":11,"column":4},"end":{"line":14,"column":5}},{"start":{"line":11,"column":4},"end":{"line":14,"column":5}}],"line":11}},"s":{"0":1,"1":1,"2":1,"3":0,"4":0,"5":0,"6":0,"7":1,"8":1},"f":{"0":0},"b":{"0":[0,0]},"inputSourceMap":{"version":3,"file":"C:/Users/Administrator/Desktop/axios-sugar/src/core/MiddleData.ts","sources":["C:/Users/Administrator/Desktop/axios-sugar/src/core/MiddleData.ts"],"names":[],"mappings":";;;AAWA,IAAM,UAAU,GAAe;IAC7B,IAAI,EAAE,EAAE;IACR,OAAO,EAAE,EAAE;IACX,OAAO,EAAE,EAAE;CACZ,CAAC;AAGF,SAAgB,WAAW,CAAE,KAAK;IAChC,UAAU,CAAC,OAAO,CAAC,KAAK,CAAC,GAAG,IAAI,CAAC;IAEjC,IAAI,UAAU,CAAC,IAAI,CAAC,KAAK,CAAC,KAAK,IAAI,EAAE;QACnC,UAAU,CAAC,IAAI,CAAC,KAAK,CAAC,GAAG,IAAI,CAAC;QAC9B,UAAU,CAAC,OAAO,CAAC,KAAK,CAAC,GAAG,IAAI,CAAC;KAClC;AACH,CAAC;AAPD,kCAOC;AAED,kBAAe,UAAU,CAAC","sourcesContent":["import { MiddleRequestConfig } from './dispatchRequest';\r\n\r\n/**\r\n * store data generated in chain\r\n */\r\ninterface MiddleData {\r\n  tags: Array<string>,\r\n  cancels: Array<Function>,\r\n  configs: Array<MiddleRequestConfig>\r\n}\r\n\r\nconst middleData: MiddleData = {\r\n  tags: [],\r\n  cancels: [],\r\n  configs: [] // middleRequestConfig Array\r\n};\r\n\r\n// destory some special data in MiddleData\r\nexport function dataDestory (index) {\r\n  middleData.configs[index] = null;\r\n\r\n  if (middleData.tags[index] !== null) {\r\n    middleData.tags[index] = null;\r\n    middleData.cancels[index] = null;\r\n  }\r\n}\r\n\r\nexport default middleData;"]},"_coverageSchema":"1a1c01bbd47fc00a2c39e90264f33305004495a9","hash":"8f4d070620db04e690099aa8900d9f170f8fca7e","contentHash":"6ce33c435aa8f883d88ff4cd01f1e39e5e6a748871840a8591c5ebf34ad27239"},"C:\\Users\\Administrator\\Desktop\\axios-sugar\\src\\core\\initInterceptors.ts":{"path":"C:\\Users\\Administrator\\Desktop\\axios-sugar\\src\\core\\initInterceptors.ts","statementMap":{"0":{"start":{"line":2,"column":22},"end":{"line":8,"column":3}},"1":{"start":{"line":3,"column":4},"end":{"line":3,"column":33}},"2":{"start":{"line":3,"column":26},"end":{"line":3,"column":33}},"3":{"start":{"line":4,"column":4},"end":{"line":4,"column":89}},"4":{"start":{"line":4,"column":71},"end":{"line":4,"column":83}},"5":{"start":{"line":6,"column":4},"end":{"line":6,"column":33}},"6":{"start":{"line":6,"column":26},"end":{"line":6,"column":33}},"7":{"start":{"line":7,"column":4},"end":{"line":7,"column":17}},"8":{"start":{"line":9,"column":25},"end":{"line":13,"column":2}},"9":{"start":{"line":10,"column":4},"end":{"line":10,"column":72}},"10":{"start":{"line":12,"column":4},"end":{"line":12,"column":21}},"11":{"start":{"line":14,"column":19},"end":{"line":20,"column":1}},"12":{"start":{"line":15,"column":4},"end":{"line":15,"column":42}},"13":{"start":{"line":15,"column":31},"end":{"line":15,"column":42}},"14":{"start":{"line":16,"column":17},"end":{"line":16,"column":19}},"15":{"start":{"line":17,"column":4},"end":{"line":17,"column":131}},"16":{"start":{"line":17,"column":21},"end":{"line":17,"column":131}},"17":{"start":{"line":17,"column":40},"end":{"line":17,"column":131}},"18":{"start":{"line":17,"column":99},"end":{"line":17,"column":131}},"19":{"start":{"line":18,"column":4},"end":{"line":18,"column":36}},"20":{"start":{"line":19,"column":4},"end":{"line":19,"column":18}},"21":{"start":{"line":21,"column":22},"end":{"line":23,"column":1}},"22":{"start":{"line":22,"column":4},"end":{"line":22,"column":62}},"23":{"start":{"line":24,"column":0},"end":{"line":24,"column":62}},"24":{"start":{"line":25,"column":19},"end":{"line":25,"column":56}},"25":{"start":{"line":26,"column":14},"end":{"line":26,"column":32}},"26":{"start":{"line":27,"column":15},"end":{"line":27,"column":48}},"27":{"start":{"line":28,"column":16},"end":{"line":28,"column":53}},"28":{"start":{"line":29,"column"
[...]
49":[0,1],"50":[1,0],"51":[0,0],"52":[0,0],"53":[1,0,1,1],"54":[1,0],"55":[0,0],"56":[0,0],"57":[0,0],"58":[0,0],"59":[0,0],"60":[0,0],"61":[0,0],"62":[0,1]},"inputSourceMap":{"version":3,"file":"C:/Users/Administrator/Desktop/axios-sugar/src/core/HttpStatusProcessor.ts","sources":["C:/Users/Administrator/Desktop/axios-sugar/src/core/HttpStatusProcessor.ts"],"names":[],"mappings":";;;;;;;;;;;;;;;;;;;;;;;;;;;;;;;;;;;;;;;;;;;;;;;;;;;;;;AAAA,iCAAyE;AAEzE,kDAA8B;AAkB9B,IAAM,WAAW,GAAG;IAClB,GAAG,EAAE,GAAG,EAAE,GAAG,EAAE,GAAG,EAAE,GAAG;CACxB,CAAC;AAEF;IAKE;QACE,IAAI,CAAC,WAAW,GAAG;YASjB,GAAG,EAAE,IAAI,CAAC,YAAY;YACtB,GAAG,EAAE,IAAI,CAAC,cAAc;YACxB,GAAG,EAAE,IAAI,CAAC,WAAW;YACrB,GAAG,EAAE,IAAI,CAAC,UAAU;YACpB,GAAG,EAAE,IAAI,CAAC,gBAAgB;YAC1B,GAAG,EAAE,IAAI,CAAC,eAAe;YACzB,GAAG,EAAE,IAAI,CAAC,6BAA6B;YACvC,GAAG,EAAE,IAAI,CAAC,SAAS;YACnB,GAAG,EAAE,IAAI,CAAC,UAAU;YACpB,GAAG,EAAE,IAAI,CAAC,qBAAqB;YAC/B,GAAG,EAAE,IAAI,CAAC,gBAAgB;YAC1B,GAAG,EAAE,IAAI,CAAC,YAAY;SACvB,CAAA;QAED,IAAI,CAAC,aAAa,GAAG,MAAM,CAAC,IAAI,CAAC,IAAI,CAAC,WAAW,CAAC,CAAC;IACrD,CAAC;IAED,uDAAgB,GAAhB,UAAkB,MAAc,EAAE,EAAa;QAC7C,IAAI,IAAI,CAAC,aAAa,CAAC,OAAO,CAAC,MAAM,CAAC,GAAG,CAAC,EAAE;YAC1C,IAAI,CAAC,WAAW,CAAC,MAAM,CAAC,GAAG,EAAE,CAAC;YAC9B,OAAO,IAAI,CAAC;SACb;aAAM,IAAI,aAAK,EAAE,EAAE;YAClB,aAAK,CAAC,+CAA6C,MAAM,MAAG,CAAC,CAAC;SAC/D;QACD,OAAO,KAAK,CAAC;IACf,CAAC;IAGD,+CAAQ,GAAR,UAAU,UAAsB,EAAE,MAAc,EAAE,OAAmD;QACnG,IAAM,SAAS,GAAG,MAAM,CAAC,QAAQ,EAAE,CAAC,MAAM,CAAC,CAAC,EAAE,CAAC,CAAC,CAAC;QAIjD,IAAI,MAAM,GAAI,OAAgC,CAAC,QAAQ,CAAC;QACxD,IAAI,SAAS,GAAG,KAAK,CAAC;QACtB,IAAI,cAAc,GAAG,SAAS,CAAC;QAG/B,IAAM,KAAK,GAAU,CAClB,OAA+B,CAAC,MAAM;YACvC,OAAO,CAAC,KAAK,CAAC,KAAK,CAAC,MAAM,CAC3B,CAAC,CAAC,CAAC;YACF,IAAI,CAAC,SAAS,EAAE;gBACd,SAAS,GAAG,IAAI,CAAC;gBACjB,cAAc,GAAG,eAAO,CAAC,IAAI,CAAC,UAAU,EAAE,OAAO,CAAC,CAAC;gBAEnD,OAAO,IAAI,CAAC;aACb;iBAAM,IAAI,aAAK,EAAE,EAAE;gBAClB,YAAI,CAAC,+BAA+B,CAAC,CAAC;aACvC;YAED,OAAO,KAAK,CAAC;QACf,CAAC,CAAC,CAAC,CAAC,SAAS,CAAC;QAEd,SAAS,WAAW,CAAE,EAAa,EAAE,MAAW;YAC9C,OAAO,EAAE,CAAC,IAAI,CAAC,UAAU,EAAE,MAAM,EAAE,OAAO,EAAE,MAAM,EAAE,KAAK,CAAC,CAAC;QAC7D,CAAC;QAED,IAAI,YAAI,CAAC,IAAI,CAAC,OAAK,SAAS,aAAU,CAAC,CAAC,EAAE;YACxC,MAAM,GAAG,WAAW,CAAC,IAAI,CAAC,OAAK,SAAS,aAAU,CAAC,EAAE,MAAM,CAAC,CAAC;SAC9D;aAAM,IAAI,YAAI,CAAC,IAAI,CAAC,cAAc,CAAC,EAAE;YACpC,MAAM,GAAG,WAAW,CAAC,IAAI,CAAC,cAAc,EAAE,MAAM,CAAC,CAAC;SACnD;QAED,IAAI,YAAI,CAAC,IAAI,CAAC,WAAW,CAAC,MAAM,CAAC,CAAC,EAAE;YAClC,MAAM,GAAG,WAAW,CAAC,IAAI,CAAC,WAAW,CAAC,MAAM,CAAC,EAAE,MAAM,CAAC,CAAC;SACxD;QAED,IAAI,YAAI,CAAC,IAAI,CAAC,OAAK,SAAS,YAAS,CAAC,CAAC,EAAE;YACvC,MAAM,GAAG,WAAW,CAAC,IAAI,CAAC,OAAK,SAAS,YAAS,CAAC,EAAE,MAAM,CAAC,CAAC;SAC7D;aAAM,IAAI,YAAI,CAAC,IAAI,CAAC,aAAa,CAAC,EAAE;YACnC,MAAM,GAAG,WAAW,CAAC,IAAI,CAAC,aAAa,EAAE,MAAM,CAAC,CAAC;SAClD;QAED,OAAO,cAAc,IAAI,MAAM,CAAC;IAClC,CAAC;IACH,mCAAC;AAAD,CAAC,AA3FD,IA2FC;AAED;IAAkC,uCAA4B;IAA9D;;IAAgE,CAAC;IAAD,0BAAC;AAAD,CAAC,AAAjE,CAAkC,4BAA4B,GAAG;AAEjE,IAAM,aAAa,GAAG;IACpB,YAAY;IACZ,cAAc;IACd,WAAW;IACX,UAAU;IACV,gBAAgB;IAChB,eAAe;IACf,6BAA6B;IAE7B,UAAU;IACV,qBAAqB;IACrB,gBAAgB;IAChB,YAAY;CACb,CAAC;AAEF,SAAS,SAAS,CAAE,UAAsB,EAAE,GAAwB,EAAE,KAAY;IAChF,IAAI,KAAK,IAAI,GAAG,CAAC,KAAK,CAAC,KAAK,CAAC,IAAI,EAAE;QAEjC,IAAI,CAAC,KAAK,EAAE,EAAE;YACZ,YAAI,CAAC,uCAAuC,CAAC,CAAA;SAC9C;KACF;AACH,CAAC;AAED,aAAa,CAAC,OAAO,CAAC,UAAA,CAAC;IACrB,mBAAmB,CAAC,SAAS,CAAC,IAAI,GAAG,CAAC,CAAC,GAAG,UACxC,MAAc,EACd,GAAwB,EACxB,MAAW,EACX,KAAa;QAEb,IAAI,aAAK,EAAE,EAAE;YACX,aAAK,CAAC,GAAG,CAAC,MAAM,CAAC,OAAO,CAAC,CAAC;SAC3B;QAED,SAAS,CAAE,IAAmB,EAAE,GAAG,EAAE,KAAK,CAAC,CAAC;QAE5C,OAAO,GAAG,CAAC,MAAoB,CAAC;IAClC,CAAC,CAAC;AACJ,CAAC,CAAC,CAAC;AAEH,mBAAmB,CAAC,SAAS,CAAC,EAAE,GAAG,UAAU,KAAa,EAAE,EAAa;IACvE,IAAI,CAAC,IAAI,GAAG,kBAAU,CAAC,KAAK,CAAC,CAAC,GAAG,EAAE,CAAC;AACtC,CAAC,CAAC;AAEF,mBAAmB,CAAC,SAAS,CAAC,WAAW,CAAC,GAAG,UAC3C,MAAc,EACd,GAAwB,EACxB,MAAW,EACX,KAAa;;;;;;;oBAEP,WAAW,GAAG,GAAG,CAAC,KAAK,CAAC,WAAW,CAAA;yBAErC,WAAW,CAAC,MAAM,EAAlB,cAAkB;oBAChB,WAAM,gBAAQ,CAAC;4BACjB,OAAO,EAAE,WAAW,CAAC,OAAO;yBAC7B,CAAC,EAAA;;oBAFF,IAAI,SAEF,EAAE;wBACF,IAAI,aAAK,EAAE,EAAE;4BACX,aAAK,CAAC,oBAAoB,CAAC,CAAC;yBAC7B;wBACK,aAAa,GAAG,IAAI,CAAC,MAAM,CAAC,eAAe,CAAC,CAAC;wBACnD,IAAI,YAAI,CAAC,aAAa,CAAC,EAAE;4BACvB,IAAI,CAAC,MAAM,CAAC,eAAe,CAAC,CAAC,IAAI,CAAC,IAAI,EAAE,GAAG,EAAE,KAAK,CAAC,CAAC;yBACrD;wBACD,SAAS,CAAE,IAAmB,EAAE,GAAG,EAAE,KAAK,CAAC,CAAC;qBAC7C;yBAAM;wBACL,IAAI,aAAK,EAAE,EAAE;4BACX,aAAK,CAAC,SAAS,CAAC,CAAC;yBAClB;wBACK,OAAO,GAAG,IAAI,CAAC,MAAM,CAAC,SAAS,CAAC,CAAC;wBACvC,IAAI,YAAI,CAAC,OAAO,CAAC,EAAE;4BACjB,IAAI,CAAC,MAAM,CAAC,SAAS,CAAC,CAAC,IAAI,CAAC,IAAI,EAAE,GAAG,CAAC,CAAC;yBACxC;wBAED,IAAI,WAAW,CAAC,SAAS,CAAC,MAAM,EAAE;4BAC1B,UAAQ,WAAW,CAAC;gCACxB,IAAM,MAAM,GAAG,KAAI,CAAC,MAAM,CAAC,QAAQ,CAAC,CAAC;gCACrC,IAAI,YAAI,CAAC,MAAM,CAAC,EAAE;oCAChB,KAAI,CAAC,MAAM,CAAC,QAAQ,CAAC,CAAC,IAAI,CAAC,KAAI,EAAE,GAAG,EAAE,KAAK,CAAC,CAAC;oCAC7C,aAAa,CAAC,OAAK,CAAC,CAAC;oCACrB,SAAS,CAAE,KAAmB,EAAE,GAAG,EAAE,KAAK,CAAC,CAAC;iCAC7C;4BACH,CAAC,EAAE,WAAW,CAAC,SAAS,CAAC,KAAK,CAAC,CAAC;yBACjC;qBACF;;;oBAED,IAAI,aAAK,EAAE,EAAE;wBACX,aAAK,CAAC,GAAG,CAAC,MAAM,CAAC,OAAO,CAAC,CAAC;qBAC3B;oBACD,SAAS,CAAE,IAAmB,EAAE,GAAG,EAAE,KAAK,CAAC,CAAC;;wBAG9C,WAAO,GAAG,CAAC,MAAoB,EAAC;;;;CACjC,CAAA;AAED,kBAAe,mBAAmB,CAAC","sourcesContent":["import { error, isDev, warn, isOnline, isFn, capitalize } from './utils';\r\nimport { AxiosError } from 'axios/index';\r\nimport retryFn from './retry';\r\nimport { MiddleResponseConfig, MiddleResponseError } from './dispatchRequest';\r\nimport { AxiosSugar } from './AxiosSugar';\r\n\r\ninterface retry {\r\n  (): Boolean\r\n}\r\n\r\ninterface handlerFn {\r\n  (\r\n    status?: string,\r\n    payload?: MiddleResponseError | MiddleResponseConfig,\r\n    result?: any,\r\n    retry?: retry\r\n  ): any;\r\n}\r\n\r\n// 1XX -> 5XX\r\nconst statusKinds = [\r\n  '1', '2', '3', '4', '5'\r\n];\r\n\r\nclass HttpStatusProcessorPrototype {\r\n  protected statusTable: Object;\r\n  protected reservedCodes: string[];\r\n  [key: string]: any;\r\n\r\n  constructor () {\r\n    this.statusTable = {\r\n      // 200: this.onOk,\r\n      // 201: this.onCreated,\r\n      // 202: this.onAccepted,\r\n      // 203: this.onNonAuthoritativeInformation,\r\n      // 204: this.onNoContent,\r\n      // 205: this.onResetContent,\r\n      // 206: this.onPartialContent,\r\n      // 207: this.onMultiStatus,\r\n      400: this.onBadRequest,\r\n      401: this.onUnauthorized,\r\n      403: this.onForbidden,\r\n      404: this.onNotFound,\r\n      405: this.onMethodNotAllow,\r\n      406: this.onNotAcceptable,\r\n      407: this.onProxyAuthenticationRequired,\r\n      408: this.onTimeout,\r\n      409: this.onConflict,\r\n      500: this.onInternalServerError,\r\n      501: this.onNotImplemented,\r\n      502: this.onBadGateway\r\n    }\r\n\r\n    this.reservedCodes = Object.keys(this.statusTable);\r\n  }\r\n\r\n  setStatusHandler (status: string, fn: handlerFn): Boolean {\r\n    if (this.reservedCodes.indexOf(status) < 0) {\r\n      this.statusTable[status] = fn;\r\n      return true;\r\n    } else if (isDev()) {\r\n      error(`can't set the handler of http status code ${status}.`);\r\n    }\r\n    return false;\r\n  }\r\n\r\n  // disptach to status handlers\r\n  dispatch (axiosSugar: AxiosSugar, status: string, payload: MiddleResponseError | MiddleResponseConfig) {\r\n    const firstCode = status.toString().substr(0, 1);\r\n    // expect a response\r\n    // if payload is an error, the result will be undefined,\r\n    // but don't worry, because it will be handled in interceptor.\r\n    let result = (payload as MiddleResponseConfig).response;\r\n    let isRetried = false;\r\n    let retriedRequest = undefined;\r\n\r\n    // if can retry\r\n    const retry: retry = (\r\n      (payload as MiddleResponseError).reason && \r\n      payload.sugar.retry.enable\r\n    ) ? function () {\r\n      if (!isRetried) {\r\n        isRetried = true;\r\n        retriedRequest = retryFn.call(axiosSugar, payload);\r\n\r\n        return true;\r\n      } else if (isDev()) {\r\n        warn('retry has been already called');\r\n      }\r\n\r\n      return false;\r\n    } : undefined;\r\n\r\n    function handlerCall (fn: handlerFn, result: any) {\r\n      return fn.call(axiosSugar, status, payload, result, retry);\r\n    }\r\n    \r\n    if (isFn(this[`on${firstCode}XXBefore`])) {\r\n      result = handlerCall(this[`on${firstCode}XXBefore`], result);\r\n    } else if (isFn(this.onStatusBefore)) {\r\n      result = handlerCall(this.onStatusBefore, result);\r\n    }\r\n\r\n    if (isFn(this.statusTable[status])) {\r\n      result = handlerCall(this.statusTable[status], result);\r\n    }\r\n\r\n    if (isFn(this[`on${firstCode}XXAfter`])) {\r\n      result = handlerCall(this[`on${firstCode}XXAfter`], result);\r\n    } else if (isFn(this.onStatusAfter)) {\r\n      result = handlerCall(this.onStatusAfter, result);\r\n    }\r\n\r\n    return retriedRequest || result;\r\n  }\r\n}\r\n\r\nclass HttpStatusProcessor extends HttpStatusProcessorPrototype {}\r\n\r\nconst errorhandlers = [\r\n  'BadRequest',\r\n  'Unauthorized',\r\n  'Forbidden',\r\n  'NotFound',\r\n  'MethodNotAllow',\r\n  'NotAcceptable',\r\n  'ProxyAuthenticationRequired',\r\n  // 'Timeout',\r\n  'Conflict',\r\n  'InternalServerError',\r\n  'NotImplemented',\r\n  'BadGateway'\r\n];\r\n\r\nfunction autoRetry (axiosSugar: AxiosSugar, err: MiddleResponseError, retry: retry) {\r\n  if (retry && err.sugar.retry.auto) {\r\n    // retry() returns false means that it has been already retried before.\r\n    if (!retry()) {\r\n      warn('retry has been already retried before')\r\n    } \r\n  }\r\n}\r\n\r\nerrorhandlers.forEach(h => {\r\n  HttpStatusProcessor.prototype['on' + h] = function (\r\n    status: string,\r\n    err: MiddleResponseError,\r\n    result: any,\r\n    retry?: retry\r\n  ): AxiosError {\r\n    if (isDev()) {\r\n      error(err.reason.message);\r\n    }\r\n\r\n    autoRetry((this as AxiosSugar), err, retry);\r\n\r\n    return err.reason as AxiosError;\r\n  };\r\n});\r\n\r\nHttpStatusProcessor.prototype.on = function (event: string, fn: handlerFn) {\r\n  this['on' + capitalize(event)] = fn;\r\n};\r\n\r\nHttpStatusProcessor.prototype['onTimeout'] = async function (\r\n  status: string,\r\n  err: MiddleResponseError,\r\n  result: any,\r\n  retry?: retry\r\n): Promise<AxiosError> {\r\n  const onlineCheck = err.sugar.onlineCheck\r\n\r\n  if (onlineCheck.enable) {\r\n    if (await isOnline({\r\n      timeout: onlineCheck.timeout\r\n    })) {\r\n      if (isDev()) {\r\n        error(`online but timeout`);\r\n      }\r\n      const onlineTimeout = this.events['onlineTimeout'];\r\n      if (isFn(onlineTimeout)) {\r\n        this.events['onlineTimeout'].call(this, err, retry);\r\n      }\r\n      autoRetry((this as AxiosSugar), err, retry);\r\n    } else {\r\n      if (isDev()) {\r\n        error(`offline`);\r\n      }\r\n      const offline = this.events['offline'];\r\n      if (isFn(offline)) {\r\n        this.events['offline'].call(this, err);\r\n      }\r\n      // retry when online\r\n      if (onlineCheck.reconnect.enable) {\r\n        const timer = setInterval(() => {\r\n          const online = this.events['online'];\r\n          if (isFn(online)) {\r\n            this.events['online'].call(this, err, retry);\r\n            clearInterval(timer);\r\n            autoRetry((this as AxiosSugar), err, retry);\r\n          }\r\n        }, onlineCheck.reconnect.delay);\r\n      }\r\n    }\r\n  } else {\r\n    if (isDev()) {\r\n      error(err.reason.message);\r\n    }\r\n    autoRetry((this as AxiosSugar), err, retry);\r\n  }\r\n\r\n  return err.reason as AxiosError;\r\n}\r\n\r\nexport default HttpStatusProcessor;\r\n"]},"_coverageSchema":"1a1c01bbd47fc00a2c39e90264f33305004495a9","hash":"9919010ccded2b256a9c90c0428d6053cd3f3fb9","contentHash":"e1e828a9ed69a9c4812bf21c1f62d60c65f5cd7372875adc0ba6e654fb42b0c8"},"C:\\Users\\Administrator\\Desktop\\axios-sugar\\src\\core\\retry.ts":{"path":"C:\\Users\\Administrator\\Desktop\\axios-sugar\\src\\core\\retry.ts","statementMap":{"0":{"start":{"line":2,"column":0},"end":{"line":2,"column":62}},"1":{"start":{"line":3,"column":14},"end":{"line":3,"column":32}},"2":{"start":{"line":5,"column":16},"end":{"line":5,"column":20}},"3":{"start":{"line":6,"column":4},"end":{"line":11,"column":5}},"4":{"start":{"line":7,"column":8},"end":{"line":7,"column":23}},"5":{"start":{"line":10,"column":8},"end":{"line":10,"column":22}},"6":{"start":{"line":12,"column":4},"end":{"line":30,"column":5}},"7":{"start":{"line":14,"column":22},"end":{"line":14,"column":45}},"8":{"start":{"line":15,"column":8},"end":{"line":17,"column":9}},"9":{"start":{"line":16,"column":12},"end":{"line":16,"column":37}},"10":{"start":{"line":18,"column":8},"end":{"line":22,"column":11}},"11":{"start":{"line":19,"column":12},"end":{"line":21,"column":38}},"12":{"start":{"line":20,"column":16},"end":{"line":20,"column":44}},"13":{"start":{"line":25,"column":26},"end":{"line":25,"column":53}},"14":{"start":{"line":26,"column":8},"end":{"line":28,"column":9}},"15":{"start":{"line":27,"column":12},"end":{"line":27,"column":41}},"16":{"start":{"line":29,"column":8},"end":{"line":29,"column":35}},"17":{"start":{"line":32,"column":0},"end":{"line":32,"column":28}}},"fnMap":{"0":{"name":"default_1","decl":{"start":{"line":4,"column":9},"end":{"line":4,"column":18}},"loc":{"start":{"line":4,"column":24},"end":{"line":31,"column":1}},"line":4},"1":{"name":"(anonymous_1)","decl":{"start":{"line":18,"column":27},"end":{"line":18,"column":28}},"loc":{"start":{"line":18,"column":46},"end":{"line":22,"column":9}},"line":18},"2":{"name":"(anonymous_2)","decl":{"start":{"line":19,"column":23},"end":{"line":19,"column":24}},"loc":{"start":{"line":19,"column":35},"end":{"line":21,"column":13}},"line":19}},"branchMap":{"0":{"loc":{"start":{"line":6,"column":4},"end":{"line":11,"column":5}},"type":"if","locations":[{"start":{"line":6,"column":4},"end":{"line":11,"column":5}},{"start":{"line":6,"column":4},"end":{"line":11,"column":5}}],"line":6},"1":{"loc":{"start":{"line":12,"column":4},"end":{"line":30,"column":5}},"type":"if","locations":[{"start":{"line":12,"column":4},"end":{"line":30,"column":5}},{"start":{"line":12,"column":4},"end":{"line":30,"column":5}}],"line":12},"2":{"loc":{"start":{"line":12,"column":8},"end":{"line":13,"column":42}},"type":"binary-expr","locations":[{"start":{"line":12,"column":8},"end":{"line":12,"column":44}},{"start":{"line":13,"column":8},"end":{"line":13,"column":42}}],"line":12},"3":{"loc":{"start":{"line":15,"column":8},"end":{"line":17,"column":9}},"type":"if","locations":[{"start":{"line":15,"column":8},"end":{"line":17,"column":9}},{"start":{"line":15,"column":8},"end":{"line":17,"column":9}}],"line":15},"4":{"loc":{"start":{"line":26,"column":8},"end":{"line":28,"column":9}},"type":"if","locations":[{"start":{"line":26,"column":8},"end":{"line":28,"column":9}},{"start":{"line":26,"column":8},"end":{"line":28,"column":9}}],"line":26}},"s":{"0":1,"1":1,"2":0,"3":0,"4":0,"5":0,"6":0,"7":0,"8":0,"9":0,"10":0,"11":0,"12":0,"13":0,"14":0,"15":0,"16":0,"17":1},"f":{"0":0,"1":0,"2":0},"b":{"0":[0,0],"1":[0,0],"2":[0,0],"3":[0,0],"4":[0,0]},"inputSourceMap":{"version":3,"file":"C:/Users/Administrator/Desktop/axios-sugar/src/core/retry.ts","sources":["C:/Users/Administrator/Desktop/axios-sugar/src/core/retry.ts"],"names":[],"mappings":";;AACA,iCAAsC;AAGtC,mBAAyB,GAAwB;IAC/C,IAAM,KAAK,GAAG,IAAkB,CAAC;IAEjC,IAAI,aAAK,CAAC,GAAG,CAAC,KAAK,CAAC,EAAE;QACpB,GAAG,CAAC,KAAK,IAAI,CAAC,CAAC;KAChB;SAAM;QACL,GAAG,CAAC,KAAK,GAAG,CAAC,CAAC;KACf;IAED,IACE,aAAK,CAAC,GAAG,CAAC,KAAK,CAAC,KAAK,CAAC,KAAK,CAAC;QAC5B,GAAG,CAAC,KAAK,IAAI,GAAG,CAAC,KAAK,CAAC,KAAK,CAAC,KAAK,EAClC;QACA,IAAM,OAAO,GAAG,KAAK,CAAC,MAAM,CAAC,SAAS,CAAC,CAAC;QACxC,IAAI,OAAO,EAAE;YACX,OAAO,CAAC,IAAI,CAAC,KAAK,EAAE,GAAG,CAAC,CAAC;SAC1B;QACD,OAAO,IAAI,OAAO,CAAC,UAAC,OAAO;YAC1B,UAAU,CAAC;gBACV,OAAO,CAAC,KAAK,CAAC,OAAO,CAAC,GAAG,CAAC,CAAC,CAAC;YAC7B,CAAC,EAAE,GAAG,CAAC,KAAK,CAAC,KAAK,CAAC,KAAK,CAAC,CAAC;QAC3B,CAAC,CAAC,CAAC;KACJ;SAAM;QACL,IAAM,WAAW,GAAG,KAAK,CAAC,MAAM,CAAC,aAAa,CAAC,CAAC;QAEhD,IAAI,YAAI,CAAC,WAAW,CAAC,EAAE;YACrB,WAAW,CAAC,IAAI,CAAC,KAAK,EAAE,GAAG,CAAC,CAAC;SAC9B;QAED,OAAO,OAAO,CAAC,MAAM,CAAC,GAAG,CAAC,CAAC;KAC5B;AACH,CAAC;AA/BD,4BA+BC","sourcesContent":["import { MiddleResponseError } from './dispatchRequest';\r\nimport { isNum, isFn } from './utils';\r\nimport { AxiosSugar } from './AxiosSugar';\r\n\r\nexport default function (err: MiddleResponseError) {\r\n  const _this = this as AxiosSugar;\r\n\r\n  if (isNum(err.count)) {\r\n    err.count += 1;\r\n  } else {\r\n    err.count = 1;\r\n  }\r\n\r\n  if (\r\n    isNum(err.sugar.retry.count) &&\r\n    err.count <= err.sugar.retry.count\r\n  ) {\r\n    const retried = _this.events['retried'];\r\n    if (retried) {\r\n      retried.call(_this, err);\r\n    }\r\n    return new Promise((resolve) => {\r\n     setTimeout(function () {\r\n      resolve(_this.request(err));\r\n     }, err.sugar.retry.delay);\r\n    });\r\n  } else {\r\n    const retryFailed = _this.events['retryFailed'];\r\n\r\n    if (isFn(retryFailed)) {\r\n      retryFailed.call(_this, err);\r\n    }\r\n\r\n    return Promise.reject(err);\r\n  }\r\n}"]},"_coverageSchema":"1a1c01bbd47fc00a2c39e90264f33305004495a9","hash":"b0297e71efd1e80e88146d200cc7fc42fa73358c","contentHash":"88235fabffecaeafb7f5c1412aeba3ef63a0fff7a7e1f06b4a270f2777a9b853"},"C:\\Users\\Administrator\\Desktop\\axios-sugar\\src\\core\\mergeConfig.ts":{"path":"C:\\Users\\Administrator\\Desktop\\axios-sugar\\src\\core\\mergeConfig.ts","statementMap":{"0":{"start":{"line":2,"column":0},"end":{"line":2,"column":62}},"1":{"start":{"line":3,"column":14},"end":{"line":3,"column":32}},"2":{"start":{"line":5,"column":17},"end":{"line":5,"column":50}},"3":{"start":{"line":6,"column":4},"end":{"line":11,"column":5}},"4":{"start":{"line":7,"column":8},"end":{"line":7,"column":50}},"5":{"start":{"line":10,"column":8},"end":{"line":10,"column":50}},"6":{"start":{"line":12,"column":4},"end":{"line":12,"column":18}},"7":{"start":{"line":14,"column":0},"end":{"line":14,"column":30}}},"fnMap":{"0":{"name":"mergeConfig","decl":{"start":{"line":4,"column":9},"end":{"line":4,"column":20}},"loc":{"start":{"line":4,"column":37},"end":{"line":13,"column":1}},"line":4}},"branchMap":{"0":{"loc":{"start":{"line":6,"column":4},"end":{"line":11,"column":5}},"type":"if","locations":[{"start":{"line":6,"column":4},"end":{"line":11,"column":5}},{"start":{"line":6,"column":4},"end":{"line":11,"column":5}}],"line":6},"1":{"loc":{"start":{"line":6,"column":8},"end":{"line":6,"column":42}},"type":"binary-expr","locations":[{"start":{"line":6,"column":8},"end":{"line":6,"column":19}},{"start":{"line":6,"column":23},"end":{"line":6,"column":42}}],"line":6}},"s":{"0":1,"1":1,"2":4,"3":4,"4":1,"5":3,"6":4,"7":1},"f":{"0":4},"b":{"0":[1,3],"1":[4,1]},"inputSourceMap":{"version":3,"file":"C:/Users/Administrator/Desktop/axios-sugar/src/core/mergeConfig.ts","sources":["C:/Users/Administrator/Desktop/axios-sugar/src/core/mergeConfig.ts"],"names":[],"mappings":";;AAAA,iCAAoC;AAGpC,SAAwB,WAAW,CAAE,MAAwB,EAAE,MAAwB;IACrF,IAAM,MAAM,GAAG,iBAAS,CAAC,MAAM,EAAE,MAAM,CAAC,CAAC;IAGzC,IAAI,MAAM,CAAC,IAAI,IAAI,MAAM,CAAC,IAAI,CAAC,OAAO,EAAE;QACtC,MAAM,CAAC,IAAI,CAAC,OAAO,GAAG,MAAM,CAAC,IAAI,CAAC,OAAO,CAAC;KAC3C;SAAM;QACL,MAAM,CAAC,IAAI,CAAC,OAAO,GAAG,MAAM,CAAC,IAAI,CAAC,OAAO,CAAC;KAC3C;IAED,OAAO,MAAM,CAAC;AAChB,CAAC;AAXD,8BAWC","sourcesContent":["import { deepMerge } from \"./utils\";\r\nimport { AxiosSugarConfig } from \"../defaults\";\r\n\r\nexport default function mergeConfig (target: AxiosSugarConfig, source: AxiosSugarConfig) {\r\n  const result = deepMerge(target, source);\r\n\r\n  // handle storage\r\n  if (source.save && source.save.storage) {\r\n    result.save.storage = source.save.storage;\r\n  } else {\r\n    result.save.storage = target.save.storage;\r\n  }\r\n\r\n  return result;\r\n}"]},"_coverageSchema":"1a1c01bbd47fc00a2c39e90264f33305004495a9","hash":"6ee619993cc8f0ad2323eb78a9c502f2685b2053","contentHash":"19e74a3aea325ed8f2048140ca686cef0ad3fa2fb478506c99a452521de98356"}}